#
# There is insufficient memory for the Java Runtime Environment to continue.
# Native memory allocation (malloc) failed to allocate 1169520 bytes for Chunk::new
# Possible reasons:
#   The system is out of physical RAM or swap space
#   The process is running with CompressedOops enabled, and the Java Heap may be blocking the growth of the native heap
# Possible solutions:
#   Reduce memory load on the system
#   Increase physical memory or swap space
#   Check if swap backing store is full
#   Decrease Java heap size (-Xmx/-Xms)
#   Decrease number of Java threads
#   Decrease Java thread stack sizes (-Xss)
#   Set larger code cache with -XX:ReservedCodeCacheSize=
#   JVM is running with Unscaled Compressed Oops mode in which the Java heap is
#     placed in the first 4GB address space. The Java Heap base address is the
#     maximum limit for the native heap growth. Please use -XX:HeapBaseMinAddress
#     to set the Java Heap base and to place the Java Heap above 4GB virtual address.
# This output file may be truncated or incomplete.
#
#  Out of Memory Error (allocation.cpp:389), pid=10892, tid=0x00000000000028b0
#
# JRE version: Java(TM) SE Runtime Environment (8.0_271-b09) (build 1.8.0_271-b09)
# Java VM: Java HotSpot(TM) 64-Bit Server VM (25.271-b09 mixed mode windows-amd64 compressed oops)
# Failed to write core dump. Minidumps are not enabled by default on client versions of Windows
#

---------------  T H R E A D  ---------------

Current thread (0x000001dd18118000):  JavaThread "C2 CompilerThread1" daemon [_thread_in_native, id=10416, stack(0x00000016bf200000,0x00000016bf300000)]

Stack: [0x00000016bf200000,0x00000016bf300000]
Native frames: (J=compiled Java code, j=interpreted, Vv=VM code, C=native code)
V  [jvm.dll+0x33f6c9]
V  [jvm.dll+0x286122]
V  [jvm.dll+0x286dcd]
V  [jvm.dll+0x27d805]
V  [jvm.dll+0xe574c]
V  [jvm.dll+0xe5f4c]
V  [jvm.dll+0x480095]
V  [jvm.dll+0x447de8]
V  [jvm.dll+0x450c25]
V  [jvm.dll+0x44ffe5]
V  [jvm.dll+0x43aef7]
V  [jvm.dll+0xbc3eb]
V  [jvm.dll+0xbaa4b]
V  [jvm.dll+0x24e7c2]
V  [jvm.dll+0x2a2dcc]
C  [ucrtbase.dll+0x21bb2]
C  [KERNEL32.DLL+0x17034]
C  [ntdll.dll+0x52651]


Current CompileTask:
C2:  26609 4379       4       com.sun.beans.TypeResolver::resolve (37 bytes)


---------------  P R O C E S S  ---------------

Java Threads: ( => current thread )
  0x000001dd1cdc4000 JavaThread "Cache worker for Build Output Cleanup Cache (C:\Users\yahya\OneDrive\Bureau\FINALFRONT-heroku-master 1234\EKTOR\android\.gradle\buildOutputCleanup)" [_thread_blocked, id=15296, stack(0x00000016c1000000,0x00000016c1100000)]
  0x000001dd1cdc5800 JavaThread "Build operations Thread 8" [_thread_blocked, id=15808, stack(0x00000016c0f00000,0x00000016c1000000)]
  0x000001dd1cdc3000 JavaThread "Build operations Thread 7" [_thread_blocked, id=9444, stack(0x00000016c0e00000,0x00000016c0f00000)]
  0x000001dd1cdbe000 JavaThread "Build operations Thread 6" [_thread_blocked, id=5808, stack(0x00000016c0d00000,0x00000016c0e00000)]
  0x000001dd1cdbe800 JavaThread "Build operations Thread 5" [_thread_blocked, id=7676, stack(0x00000016c0c00000,0x00000016c0d00000)]
  0x000001dd1cdc1800 JavaThread "Build operations Thread 4" [_thread_blocked, id=9112, stack(0x00000016c0b00000,0x00000016c0c00000)]
  0x000001dd1cdc1000 JavaThread "Build operations Thread 3" [_thread_blocked, id=11256, stack(0x00000016c0a00000,0x00000016c0b00000)]
  0x000001dd1cdbd000 JavaThread "Build operations Thread 2" [_thread_blocked, id=7292, stack(0x00000016c0900000,0x00000016c0a00000)]
  0x000001dd1b3d8000 JavaThread "Build operations" [_thread_blocked, id=8096, stack(0x00000016c0800000,0x00000016c0900000)]
  0x000001dd1b3d7000 JavaThread "Cache worker for execution history cache (C:\Users\yahya\.gradle\caches\6.0.1\executionHistory)" [_thread_blocked, id=6560, stack(0x00000016c0700000,0x00000016c0800000)]
  0x000001dd1b3dc800 JavaThread "Cache worker for cache directory md-rule (C:\Users\yahya\.gradle\caches\6.0.1\md-rule)" [_thread_blocked, id=14840, stack(0x00000016c0600000,0x00000016c0700000)]
  0x000001dd1b3db800 JavaThread "Cache worker for cache directory md-supplier (C:\Users\yahya\.gradle\caches\6.0.1\md-supplier)" [_thread_blocked, id=15668, stack(0x00000016c0500000,0x00000016c0600000)]
  0x000001dd1b3d6800 JavaThread "Cache worker for file hash cache (C:\Users\yahya\OneDrive\Bureau\FINALFRONT-heroku-master 1234\EKTOR\android\.gradle\6.0.1\fileHashes)" [_thread_blocked, id=14728, stack(0x00000016c0400000,0x00000016c0500000)]
  0x000001dd1b3db000 JavaThread "Cache worker for journal cache (C:\Users\yahya\.gradle\caches\journal-1)" [_thread_blocked, id=11192, stack(0x00000016c0300000,0x00000016c0400000)]
  0x000001dd1b3d8800 JavaThread "File lock request listener" [_thread_in_native, id=16768, stack(0x00000016c0200000,0x00000016c0300000)]
  0x000001dd1b3dd000 JavaThread "Cache worker for file hash cache (C:\Users\yahya\.gradle\caches\6.0.1\fileHashes)" [_thread_blocked, id=4908, stack(0x00000016c0100000,0x00000016c0200000)]
  0x000001dd1b37c000 JavaThread "Thread-9" [_thread_blocked, id=5864, stack(0x00000016c0000000,0x00000016c0100000)]
  0x000001dd1b375800 JavaThread "Stdin handler" [_thread_blocked, id=9008, stack(0x00000016bff00000,0x00000016c0000000)]
  0x000001dd1b370000 JavaThread "Asynchronous log dispatcher for DefaultDaemonConnection: socket connection from /127.0.0.1:54312 to /127.0.0.1:54313" [_thread_blocked, id=3612, stack(0x00000016bfe00000,0x00000016bff00000)]
  0x000001dd1b36d800 JavaThread "Daemon worker" [_thread_in_native, id=2420, stack(0x00000016bfd00000,0x00000016bfe00000)]
  0x000001dd1b35a800 JavaThread "Cancel handler" [_thread_blocked, id=1660, stack(0x00000016bfc00000,0x00000016bfd00000)]
  0x000001dd1b34c800 JavaThread "Handler for socket connection from /127.0.0.1:54312 to /127.0.0.1:54313" [_thread_in_native, id=8532, stack(0x00000016bfb00000,0x00000016bfc00000)]
  0x000001dd1b09d000 JavaThread "Daemon" [_thread_blocked, id=15732, stack(0x00000016bfa00000,0x00000016bfb00000)]
  0x000001dd1b2c5000 JavaThread "Daemon periodic checks" [_thread_blocked, id=10460, stack(0x00000016bf900000,0x00000016bfa00000)]
  0x000001dd1b2c4000 JavaThread "Incoming local TCP Connector on port 54312" [_thread_in_native, id=11880, stack(0x00000016bf800000,0x00000016bf900000)]
  0x000001dd1b022000 JavaThread "Daemon health stats" [_thread_blocked, id=12956, stack(0x00000016bf700000,0x00000016bf800000)]
  0x000001dd19508800 JavaThread "Service Thread" daemon [_thread_blocked, id=9144, stack(0x00000016bf500000,0x00000016bf600000)]
  0x000001dd18127000 JavaThread "C1 CompilerThread3" daemon [_thread_blocked, id=15308, stack(0x00000016bf400000,0x00000016bf500000)]
  0x000001dd1811d000 JavaThread "C2 CompilerThread2" daemon [_thread_in_native, id=17396, stack(0x00000016bf300000,0x00000016bf400000)]
=>0x000001dd18118000 JavaThread "C2 CompilerThread1" daemon [_thread_in_native, id=10416, stack(0x00000016bf200000,0x00000016bf300000)]
  0x000001dd18115800 JavaThread "C2 CompilerThread0" daemon [_thread_in_vm, id=3684, stack(0x00000016bf100000,0x00000016bf200000)]
  0x000001dd18114000 JavaThread "Attach Listener" daemon [_thread_blocked, id=15252, stack(0x00000016bf000000,0x00000016bf100000)]
  0x000001dd18113000 JavaThread "Signal Dispatcher" daemon [_thread_blocked, id=2192, stack(0x00000016bef00000,0x00000016bf000000)]
  0x000001dd174fb000 JavaThread "Finalizer" daemon [_thread_blocked, id=8316, stack(0x00000016bee00000,0x00000016bef00000)]
  0x000001dd180ea000 JavaThread "Reference Handler" daemon [_thread_blocked, id=13100, stack(0x00000016bed00000,0x00000016bee00000)]
  0x000001dd04b24000 JavaThread "main" [_thread_blocked, id=10496, stack(0x00000016be300000,0x00000016be400000)]

Other Threads:
  0x000001dd180c2800 VMThread [stack: 0x00000016bec00000,0x00000016bed00000] [id=11112]
  0x000001dd1816f800 WatcherThread [stack: 0x00000016bf600000,0x00000016bf700000] [id=10668]

VM state:not at safepoint (normal execution)

VM Mutex/Monitor currently owned by a thread: None

heap address: 0x00000000e0000000, size: 512 MB, Compressed Oops mode: 32-bit
Narrow klass base: 0x0000000000000000, Narrow klass shift: 3
Compressed class space size: 1073741824 Address: 0x0000000100000000

Heap:
 PSYoungGen      total 102400K, used 33743K [0x00000000f5580000, 0x00000000fce00000, 0x0000000100000000)
  eden space 88576K, 22% used [0x00000000f5580000,0x00000000f68fb3c8,0x00000000fac00000)
  from space 13824K, 99% used [0x00000000fba80000,0x00000000fc7f8a48,0x00000000fc800000)
  to   space 14848K, 0% used [0x00000000fac00000,0x00000000fac00000,0x00000000fba80000)
 ParOldGen       total 182272K, used 19864K [0x00000000e0000000, 0x00000000eb200000, 0x00000000f5580000)
  object space 182272K, 10% used [0x00000000e0000000,0x00000000e1366388,0x00000000eb200000)
 Metaspace       used 47990K, capacity 49674K, committed 49792K, reserved 1091584K
  class space    used 6624K, capacity 7031K, committed 7040K, reserved 1048576K

Card table byte_map: [0x000001dd159f0000,0x000001dd15b00000] byte_map_base: 0x000001dd152f0000

Marking Bits: (ParMarkBitMap*) 0x0000000057df7fe0
 Begin Bits: [0x000001dd15b00000, 0x000001dd16300000)
 End Bits:   [0x000001dd16300000, 0x000001dd16b00000)

Polling page: 0x000001dd04d70000

CodeCache: size=245760Kb used=14327Kb max_used=14417Kb free=231432Kb
 bounds [0x000001dd06630000, 0x000001dd07460000, 0x000001dd15630000]
 total_blobs=4841 nmethods=4064 adapters=689
 compilation: enabled

Compilation events (10 events):
Event: 26.479 Thread 0x000001dd1811d000 4441       4       java.lang.reflect.Method::getAnnotation (6 bytes)
Event: 26.480 Thread 0x000001dd18127000 nmethod 4543 0x000001dd07444350 code [0x000001dd074444a0, 0x000001dd074445b8]
Event: 26.488 Thread 0x000001dd1811d000 nmethod 4441 0x000001dd06ee7410 code [0x000001dd06ee75a0, 0x000001dd06ee79a8]
Event: 26.488 Thread 0x000001dd1811d000 4544   !   4       java.lang.reflect.Executable::sharedToGenericString (329 bytes)
Event: 26.496 Thread 0x000001dd18127000 4546       3       org.codehaus.groovy.util.ComplexKeyHashMap::resize (103 bytes)
Event: 26.496 Thread 0x000001dd18127000 nmethod 4546 0x000001dd0709b990 code [0x000001dd0709bb20, 0x000001dd0709c038]
Event: 26.538 Thread 0x000001dd18127000 4548       3       java.util.HashMap$TreeNode::find (172 bytes)
Event: 26.539 Thread 0x000001dd18127000 nmethod 4548 0x000001dd070993d0 code [0x000001dd070995c0, 0x000001dd0709a0e0]
Event: 26.545 Thread 0x000001dd18127000 4549       1       org.gradle.internal.reflect.ReflectionCache$CacheEntry::access$200 (5 bytes)
Event: 26.546 Thread 0x000001dd18127000 nmethod 4549 0x000001dd07099110 code [0x000001dd07099260, 0x000001dd07099358]

GC Heap History (10 events):
Event: 19.710 GC heap before
{Heap before GC invocations=6 (full 1):
 PSYoungGen      total 76288K, used 73450K [0x00000000f5580000, 0x00000000fbd80000, 0x0000000100000000)
  eden space 65536K, 100% used [0x00000000f5580000,0x00000000f9580000,0x00000000f9580000)
  from space 10752K, 73% used [0x00000000fa000000,0x00000000fa7baa88,0x00000000faa80000)
  to   space 10752K, 0% used [0x00000000f9580000,0x00000000f9580000,0x00000000fa000000)
 ParOldGen       total 175104K, used 12322K [0x00000000e0000000, 0x00000000eab00000, 0x00000000f5580000)
  object space 175104K, 7% used [0x00000000e0000000,0x00000000e0c08950,0x00000000eab00000)
 Metaspace       used 31240K, capacity 32026K, committed 32256K, reserved 1077248K
  class space    used 4347K, capacity 4572K, committed 4608K, reserved 1048576K
Event: 19.723 GC heap after
Heap after GC invocations=6 (full 1):
 PSYoungGen      total 76288K, used 10111K [0x00000000f5580000, 0x00000000fc800000, 0x0000000100000000)
  eden space 65536K, 0% used [0x00000000f5580000,0x00000000f5580000,0x00000000f9580000)
  from space 10752K, 94% used [0x00000000f9580000,0x00000000f9f5fc60,0x00000000fa000000)
  to   space 13824K, 0% used [0x00000000fba80000,0x00000000fba80000,0x00000000fc800000)
 ParOldGen       total 175104K, used 12330K [0x00000000e0000000, 0x00000000eab00000, 0x00000000f5580000)
  object space 175104K, 7% used [0x00000000e0000000,0x00000000e0c0a950,0x00000000eab00000)
 Metaspace       used 31240K, capacity 32026K, committed 32256K, reserved 1077248K
  class space    used 4347K, capacity 4572K, committed 4608K, reserved 1048576K
}
Event: 20.555 GC heap before
{Heap before GC invocations=7 (full 1):
 PSYoungGen      total 76288K, used 75342K [0x00000000f5580000, 0x00000000fc800000, 0x0000000100000000)
  eden space 65536K, 99% used [0x00000000f5580000,0x00000000f9533c18,0x00000000f9580000)
  from space 10752K, 94% used [0x00000000f9580000,0x00000000f9f5fc60,0x00000000fa000000)
  to   space 13824K, 0% used [0x00000000fba80000,0x00000000fba80000,0x00000000fc800000)
 ParOldGen       total 175104K, used 12330K [0x00000000e0000000, 0x00000000eab00000, 0x00000000f5580000)
  object space 175104K, 7% used [0x00000000e0000000,0x00000000e0c0a950,0x00000000eab00000)
 Metaspace       used 34446K, capacity 35342K, committed 35416K, reserved 1079296K
  class space    used 4825K, capacity 5102K, committed 5120K, reserved 1048576K
Event: 20.569 GC heap after
Heap after GC invocations=7 (full 1):
 PSYoungGen      total 102400K, used 11889K [0x00000000f5580000, 0x00000000fce00000, 0x0000000100000000)
  eden space 88576K, 0% used [0x00000000f5580000,0x00000000f5580000,0x00000000fac00000)
  from space 13824K, 86% used [0x00000000fba80000,0x00000000fc61c460,0x00000000fc800000)
  to   space 14848K, 0% used [0x00000000fac00000,0x00000000fac00000,0x00000000fba80000)
 ParOldGen       total 175104K, used 12338K [0x00000000e0000000, 0x00000000eab00000, 0x00000000f5580000)
  object space 175104K, 7% used [0x00000000e0000000,0x00000000e0c0c950,0x00000000eab00000)
 Metaspace       used 34446K, capacity 35342K, committed 35416K, reserved 1079296K
  class space    used 4825K, capacity 5102K, committed 5120K, reserved 1048576K
}
Event: 20.569 GC heap before
{Heap before GC invocations=8 (full 2):
 PSYoungGen      total 102400K, used 11889K [0x00000000f5580000, 0x00000000fce00000, 0x0000000100000000)
  eden space 88576K, 0% used [0x00000000f5580000,0x00000000f5580000,0x00000000fac00000)
  from space 13824K, 86% used [0x00000000fba80000,0x00000000fc61c460,0x00000000fc800000)
  to   space 14848K, 0% used [0x00000000fac00000,0x00000000fac00000,0x00000000fba80000)
 ParOldGen       total 175104K, used 12338K [0x00000000e0000000, 0x00000000eab00000, 0x00000000f5580000)
  object space 175104K, 7% used [0x00000000e0000000,0x00000000e0c0c950,0x00000000eab00000)
 Metaspace       used 34446K, capacity 35342K, committed 35416K, reserved 1079296K
  class space    used 4825K, capacity 5102K, committed 5120K, reserved 1048576K
Event: 20.644 GC heap after
Heap after GC invocations=8 (full 2):
 PSYoungGen      total 102400K, used 0K [0x00000000f5580000, 0x00000000fce00000, 0x0000000100000000)
  eden space 88576K, 0% used [0x00000000f5580000,0x00000000f5580000,0x00000000fac00000)
  from space 13824K, 0% used [0x00000000fba80000,0x00000000fba80000,0x00000000fc800000)
  to   space 14848K, 0% used [0x00000000fac00000,0x00000000fac00000,0x00000000fba80000)
 ParOldGen       total 182272K, used 18608K [0x00000000e0000000, 0x00000000eb200000, 0x00000000f5580000)
  object space 182272K, 10% used [0x00000000e0000000,0x00000000e122c070,0x00000000eb200000)
 Metaspace       used 34446K, capacity 35342K, committed 35416K, reserved 1079296K
  class space    used 4825K, capacity 5102K, committed 5120K, reserved 1048576K
}
Event: 23.983 GC heap before
{Heap before GC invocations=9 (full 2):
 PSYoungGen      total 102400K, used 88576K [0x00000000f5580000, 0x00000000fce00000, 0x0000000100000000)
  eden space 88576K, 100% used [0x00000000f5580000,0x00000000fac00000,0x00000000fac00000)
  from space 13824K, 0% used [0x00000000fba80000,0x00000000fba80000,0x00000000fc800000)
  to   space 14848K, 0% used [0x00000000fac00000,0x00000000fac00000,0x00000000fba80000)
 ParOldGen       total 182272K, used 18608K [0x00000000e0000000, 0x00000000eb200000, 0x00000000f5580000)
  object space 182272K, 10% used [0x00000000e0000000,0x00000000e122c070,0x00000000eb200000)
 Metaspace       used 42461K, capacity 43914K, committed 44160K, reserved 1087488K
  class space    used 5884K, capacity 6264K, committed 6272K, reserved 1048576K
Event: 23.999 GC heap after
Heap after GC invocations=9 (full 2):
 PSYoungGen      total 103424K, used 10657K [0x00000000f5580000, 0x00000000fce00000, 0x0000000100000000)
  eden space 88576K, 0% used [0x00000000f5580000,0x00000000f5580000,0x00000000fac00000)
  from space 14848K, 71% used [0x00000000fac00000,0x00000000fb668520,0x00000000fba80000)
  to   space 13824K, 0% used [0x00000000fba80000,0x00000000fba80000,0x00000000fc800000)
 ParOldGen       total 182272K, used 18616K [0x00000000e0000000, 0x00000000eb200000, 0x00000000f5580000)
  object space 182272K, 10% used [0x00000000e0000000,0x00000000e122e070,0x00000000eb200000)
 Metaspace       used 42461K, capacity 43914K, committed 44160K, reserved 1087488K
  class space    used 5884K, capacity 6264K, committed 6272K, reserved 1048576K
}
Event: 26.170 GC heap before
{Heap before GC invocations=10 (full 2):
 PSYoungGen      total 103424K, used 99233K [0x00000000f5580000, 0x00000000fce00000, 0x0000000100000000)
  eden space 88576K, 100% used [0x00000000f5580000,0x00000000fac00000,0x00000000fac00000)
  from space 14848K, 71% used [0x00000000fac00000,0x00000000fb668520,0x00000000fba80000)
  to   space 13824K, 0% used [0x00000000fba80000,0x00000000fba80000,0x00000000fc800000)
 ParOldGen       total 182272K, used 18616K [0x00000000e0000000, 0x00000000eb200000, 0x00000000f5580000)
  object space 182272K, 10% used [0x00000000e0000000,0x00000000e122e070,0x00000000eb200000)
 Metaspace       used 47321K, capacity 48916K, committed 49280K, reserved 1091584K
  class space    used 6501K, capacity 6918K, committed 7040K, reserved 1048576K
Event: 26.202 GC heap after
Heap after GC invocations=10 (full 2):
 PSYoungGen      total 102400K, used 13794K [0x00000000f5580000, 0x00000000fce00000, 0x0000000100000000)
  eden space 88576K, 0% used [0x00000000f5580000,0x00000000f5580000,0x00000000fac00000)
  from space 13824K, 99% used [0x00000000fba80000,0x00000000fc7f8a48,0x00000000fc800000)
  to   space 14848K, 0% used [0x00000000fac00000,0x00000000fac00000,0x00000000fba80000)
 ParOldGen       total 182272K, used 19864K [0x00000000e0000000, 0x00000000eb200000, 0x00000000f5580000)
  object space 182272K, 10% used [0x00000000e0000000,0x00000000e1366388,0x00000000eb200000)
 Metaspace       used 47321K, capacity 48916K, committed 49280K, reserved 1091584K
  class space    used 6501K, capacity 6918K, committed 7040K, reserved 1048576K
}

Deoptimization events (10 events):
Event: 25.822 Thread 0x000001dd1b36d800 Uncommon trap: reason=unstable_if action=reinterpret pc=0x000001dd07061cfc method=groovy.lang.MetaClassImpl$1MOPIter.methodNameAction(Ljava/lang/Class;Lorg/codehaus/groovy/runtime/metaclass/MetaMethodIndex$Entry;)V @ 182
Event: 25.851 Thread 0x000001dd1b36d800 Uncommon trap: reason=bimorphic action=maybe_recompile pc=0x000001dd06e4eb84 method=java.util.AbstractCollection.addAll(Ljava/util/Collection;)Z @ 29
Event: 26.031 Thread 0x000001dd1b36d800 Uncommon trap: reason=bimorphic action=maybe_recompile pc=0x000001dd073ae724 method=org.codehaus.groovy.util.SingleKeyHashMap.get(Ljava/lang/Object;)Ljava/lang/Object; @ 43
Event: 26.035 Thread 0x000001dd1b36d800 Uncommon trap: reason=bimorphic action=maybe_recompile pc=0x000001dd073ae724 method=org.codehaus.groovy.util.SingleKeyHashMap.get(Ljava/lang/Object;)Ljava/lang/Object; @ 43
Event: 26.089 Thread 0x000001dd1b36d800 Uncommon trap: reason=class_check action=maybe_recompile pc=0x000001dd0718e354 method=java.lang.Throwable.<init>(Ljava/lang/String;Ljava/lang/Throwable;)V @ 24
Event: 26.093 Thread 0x000001dd1b36d800 Uncommon trap: reason=unstable_if action=reinterpret pc=0x000001dd06aa6654 method=org.gradle.internal.logging.text.AbstractLineChoppingStyledTextOutput$2.execute(Lorg/gradle/internal/logging/text/AbstractLineChoppingStyledTextOutput$StateContext;)V @ 30
Event: 26.161 Thread 0x000001dd1b36d800 Uncommon trap: reason=unstable_if action=reinterpret pc=0x000001dd06f1eb44 method=org.codehaus.groovy.runtime.metaclass.MetaMethodIndex.addMethodToList(Ljava/lang/Object;Lgroovy/lang/MetaMethod;)Ljava/lang/Object; @ 256
Event: 26.278 Thread 0x000001dd1b36d800 Uncommon trap: reason=unstable_if action=reinterpret pc=0x000001dd07280d18 method=java.util.HashMap.putVal(ILjava/lang/Object;Ljava/lang/Object;ZZ)Ljava/lang/Object; @ 109
Event: 26.278 Thread 0x000001dd1b36d800 Uncommon trap: reason=unstable_if action=reinterpret pc=0x000001dd06f907c4 method=java.util.HashMap.putVal(ILjava/lang/Object;Ljava/lang/Object;ZZ)Ljava/lang/Object; @ 109
Event: 26.279 Thread 0x000001dd1b36d800 Uncommon trap: reason=unstable_if action=reinterpret pc=0x000001dd069382ec method=java.util.HashMap.resize()[Ljava/util/HashMap$Node; @ 206

Classes redefined (0 events):
No events

Internal exceptions (10 events):
Event: 26.478 Thread 0x000001dd1b36d800 Exception <a 'java/lang/ClassNotFoundException': org/gradle/api/internal/ConventionTaskCustomizer> (0x00000000f617e858) thrown at [C:\jenkins\workspace\8-2-build-windows-amd64-cygwin\jdk8u271\605\hotspot\src\share\vm\classfile\systemDictionary.cpp, line 2
Event: 26.482 Thread 0x000001dd1b36d800 Exception <a 'java/lang/ClassNotFoundException': org/gradle/api/tasks/AbstractCopyTaskCustomizer> (0x00000000f61c5738) thrown at [C:\jenkins\workspace\8-2-build-windows-amd64-cygwin\jdk8u271\605\hotspot\src\share\vm\classfile\systemDictionary.cpp, line 21
Event: 26.489 Thread 0x000001dd1b36d800 Exception <a 'java/lang/ClassNotFoundException': org/gradle/api/tasks/CopyCustomizer> (0x00000000f627b338) thrown at [C:\jenkins\workspace\8-2-build-windows-amd64-cygwin\jdk8u271\605\hotspot\src\share\vm\classfile\systemDictionary.cpp, line 212]
Event: 26.493 Thread 0x000001dd1b36d800 Exception <a 'java/lang/ClassNotFoundException': org/gradle/api/tasks/Copy_DecoratedCustomizer> (0x00000000f62c9e90) thrown at [C:\jenkins\workspace\8-2-build-windows-amd64-cygwin\jdk8u271\605\hotspot\src\share\vm\classfile\systemDictionary.cpp, line 212]
Event: 26.512 Thread 0x000001dd1b36d800 Exception <a 'java/lang/ClassNotFoundException': org/gradle/api/internal/artifacts/configurations/DefaultConfigurationContainer_DecoratedBeanInfo> (0x00000000f65e8468) thrown at [C:\jenkins\workspace\8-2-build-windows-amd64-cygwin\jdk8u271\605\hotspot\src
Event: 26.518 Thread 0x000001dd1b36d800 Exception <a 'java/lang/ClassNotFoundException': org/gradle/api/internal/artifacts/configurations/DefaultConfigurationContainerBeanInfo> (0x00000000f6651e60) thrown at [C:\jenkins\workspace\8-2-build-windows-amd64-cygwin\jdk8u271\605\hotspot\src\share\vm\
Event: 26.519 Thread 0x000001dd1b36d800 Exception <a 'java/lang/ClassNotFoundException': org/gradle/api/internal/AbstractValidatingNamedDomainObjectContainerBeanInfo> (0x00000000f669a410) thrown at [C:\jenkins\workspace\8-2-build-windows-amd64-cygwin\jdk8u271\605\hotspot\src\share\vm\classfile\
Event: 26.521 Thread 0x000001dd1b36d800 Exception <a 'java/lang/ClassNotFoundException': org/gradle/api/internal/AbstractValidatingNamedDomainObjectContainerCustomizer> (0x00000000f66e3850) thrown at [C:\jenkins\workspace\8-2-build-windows-amd64-cygwin\jdk8u271\605\hotspot\src\share\vm\classfil
Event: 26.527 Thread 0x000001dd1b36d800 Exception <a 'java/lang/ClassNotFoundException': org/gradle/api/internal/artifacts/configurations/DefaultConfigurationContainerCustomizer> (0x00000000f675cd28) thrown at [C:\jenkins\workspace\8-2-build-windows-amd64-cygwin\jdk8u271\605\hotspot\src\share\v
Event: 26.530 Thread 0x000001dd1b36d800 Exception <a 'java/lang/ClassNotFoundException': org/gradle/api/internal/artifacts/configurations/DefaultConfigurationContainer_DecoratedCustomizer> (0x00000000f67e9580) thrown at [C:\jenkins\workspace\8-2-build-windows-amd64-cygwin\jdk8u271\605\hotspot\s

Events (10 events):
Event: 26.530 loading class org/gradle/api/internal/artifacts/configurations/DefaultConfigurationContainer_DecoratedCustomizer
Event: 26.530 loading class org/gradle/api/internal/artifacts/configurations/DefaultConfigurationContainer_DecoratedCustomizer done
Event: 26.533 loading class org/gradle/internal/extensibility/ConventionAwareHelper$MappedPropertyImpl
Event: 26.533 loading class org/gradle/internal/extensibility/ConventionAwareHelper$MappedPropertyImpl done
Event: 26.533 loading class org/gradle/api/internal/ConventionMapping$MappedProperty
Event: 26.533 loading class org/gradle/api/internal/ConventionMapping$MappedProperty done
Event: 26.534 loading class org/gradle/internal/extensibility/ConventionAwareHelper$2
Event: 26.534 loading class org/gradle/internal/extensibility/ConventionAwareHelper$2 done
Event: 26.536 loading class org/gradle/internal/extensibility/ConventionAwareHelper$1
Event: 26.536 loading class org/gradle/internal/extensibility/ConventionAwareHelper$1 done


Dynamic libraries:
0x00007ff6e7020000 - 0x00007ff6e7067000 	C:\Program Files\Java\jdk\bin\java.exe
0x00007ffe3c6f0000 - 0x00007ffe3c8e5000 	C:\WINDOWS\SYSTEM32\ntdll.dll
0x00007ffe3ae00000 - 0x00007ffe3aebd000 	C:\WINDOWS\System32\KERNEL32.DLL
0x00007ffe3a450000 - 0x00007ffe3a718000 	C:\WINDOWS\System32\KERNELBASE.dll
0x00007ffe3a810000 - 0x00007ffe3a8bc000 	C:\WINDOWS\System32\ADVAPI32.dll
0x00007ffe3bb30000 - 0x00007ffe3bbce000 	C:\WINDOWS\System32\msvcrt.dll
0x00007ffe3bd90000 - 0x00007ffe3be2b000 	C:\WINDOWS\System32\sechost.dll
0x00007ffe3ba00000 - 0x00007ffe3bb2b000 	C:\WINDOWS\System32\RPCRT4.dll
0x00007ffe3bbe0000 - 0x00007ffe3bd80000 	C:\WINDOWS\System32\USER32.dll
0x00007ffe3a160000 - 0x00007ffe3a182000 	C:\WINDOWS\System32\win32u.dll
0x00007ffe3b9c0000 - 0x00007ffe3b9ea000 	C:\WINDOWS\System32\GDI32.dll
0x00007ffe3a340000 - 0x00007ffe3a44b000 	C:\WINDOWS\System32\gdi32full.dll
0x00007ffe39e50000 - 0x00007ffe39eed000 	C:\WINDOWS\System32\msvcp_win.dll
0x00007ffe3a240000 - 0x00007ffe3a340000 	C:\WINDOWS\System32\ucrtbase.dll
0x00007ffe23720000 - 0x00007ffe239ba000 	C:\WINDOWS\WinSxS\amd64_microsoft.windows.common-controls_6595b64144ccf1df_6.0.19041.844_none_ca00b6081b84eb1d\COMCTL32.dll
0x00007ffe3c490000 - 0x00007ffe3c4c0000 	C:\WINDOWS\System32\IMM32.DLL
0x00007ffe32c70000 - 0x00007ffe32c85000 	C:\Program Files\Java\jdk\jre\bin\vcruntime140.dll
0x00007ffe10130000 - 0x00007ffe101cb000 	C:\Program Files\Java\jdk\jre\bin\msvcp140.dll
0x0000000057600000 - 0x0000000057e6f000 	C:\Program Files\Java\jdk\jre\bin\server\jvm.dll
0x00007ffe3bbd0000 - 0x00007ffe3bbd8000 	C:\WINDOWS\System32\PSAPI.DLL
0x00007ffe32fd0000 - 0x00007ffe32fd9000 	C:\WINDOWS\SYSTEM32\WSOCK32.dll
0x00007ffe30530000 - 0x00007ffe30557000 	C:\WINDOWS\SYSTEM32\WINMM.dll
0x00007ffe33110000 - 0x00007ffe3311a000 	C:\WINDOWS\SYSTEM32\VERSION.dll
0x00007ffe3be30000 - 0x00007ffe3be9b000 	C:\WINDOWS\System32\WS2_32.dll
0x00007ffe386d0000 - 0x00007ffe386e2000 	C:\WINDOWS\SYSTEM32\kernel.appcore.dll
0x00007ffe32f20000 - 0x00007ffe32f30000 	C:\Program Files\Java\jdk\jre\bin\verify.dll
0x00007ffe21710000 - 0x00007ffe2173b000 	C:\Program Files\Java\jdk\jre\bin\java.dll
0x00007ffe2de40000 - 0x00007ffe2de58000 	C:\Program Files\Java\jdk\jre\bin\zip.dll
0x00007ffe3af20000 - 0x00007ffe3b662000 	C:\WINDOWS\System32\SHELL32.dll
0x00007ffe37c60000 - 0x00007ffe383f0000 	C:\WINDOWS\SYSTEM32\windows.storage.dll
0x00007ffe3bea0000 - 0x00007ffe3c1f5000 	C:\WINDOWS\System32\combase.dll
0x00007ffe397a0000 - 0x00007ffe397cc000 	C:\WINDOWS\SYSTEM32\Wldp.dll
0x00007ffe3c330000 - 0x00007ffe3c3de000 	C:\WINDOWS\System32\SHCORE.dll
0x00007ffe3a7b0000 - 0x00007ffe3a805000 	C:\WINDOWS\System32\shlwapi.dll
0x00007ffe39d40000 - 0x00007ffe39d5f000 	C:\WINDOWS\SYSTEM32\profapi.dll
0x00007ffe27350000 - 0x00007ffe2736c000 	C:\Program Files\Java\jdk\jre\bin\net.dll
0x00007ffe39510000 - 0x00007ffe3957a000 	C:\WINDOWS\system32\mswsock.dll
0x00007ffe24d40000 - 0x00007ffe24d53000 	C:\Program Files\Java\jdk\jre\bin\nio.dll
0x00007ffe21460000 - 0x00007ffe21486000 	C:\Users\yahya\.gradle\native\30\windows-amd64\native-platform.dll
0x00007ffe2dfa0000 - 0x00007ffe2dfad000 	C:\Program Files\Java\jdk\jre\bin\management.dll
0x00007ffe396e0000 - 0x00007ffe396f8000 	C:\WINDOWS\SYSTEM32\CRYPTSP.dll
0x00007ffe38eb0000 - 0x00007ffe38ee4000 	C:\WINDOWS\system32\rsaenh.dll
0x00007ffe3a050000 - 0x00007ffe3a077000 	C:\WINDOWS\System32\bcrypt.dll
0x00007ffe39cc0000 - 0x00007ffe39cee000 	C:\WINDOWS\SYSTEM32\USERENV.dll
0x00007ffe3a080000 - 0x00007ffe3a100000 	C:\WINDOWS\System32\bcryptprimitives.dll
0x00007ffe39700000 - 0x00007ffe3970c000 	C:\WINDOWS\SYSTEM32\CRYPTBASE.dll
0x00007ffe39200000 - 0x00007ffe3923b000 	C:\WINDOWS\SYSTEM32\IPHLPAPI.DLL
0x00007ffe3b9f0000 - 0x00007ffe3b9f8000 	C:\WINDOWS\System32\NSI.dll
0x00007ffe31750000 - 0x00007ffe31767000 	C:\WINDOWS\SYSTEM32\dhcpcsvc6.DLL
0x00007ffe32910000 - 0x00007ffe3292d000 	C:\WINDOWS\SYSTEM32\dhcpcsvc.DLL
0x00007ffe39240000 - 0x00007ffe3930c000 	C:\WINDOWS\SYSTEM32\DNSAPI.dll
0x00007ffe384c0000 - 0x00007ffe386a4000 	C:\WINDOWS\SYSTEM32\dbghelp.dll

VM Arguments:
jvm_args: -XX:MaxMetaspaceSize=256m -XX:+HeapDumpOnOutOfMemoryError -Xms256m -Xmx512m -Dfile.encoding=windows-1252 -Duser.country=FR -Duser.language=fr -Duser.variant 
java_command: org.gradle.launcher.daemon.bootstrap.GradleDaemon 6.0.1
java_class_path (initial): C:\Users\yahya\.gradle\wrapper\dists\gradle-6.0.1-all\99d3u8wxs16ndehh90lbbir67\gradle-6.0.1\lib\gradle-launcher-6.0.1.jar
Launcher Type: SUN_STANDARD

Environment Variables:
JAVA_HOME=C:\Program Files\Java\jdk
CLASSPATH=C:\Users\yahya\OneDrive\Bureau\FINALFRONT-heroku-master 1234\EKTOR\android\\gradle\wrapper\gradle-wrapper.jar
PATH=C:\Users\yahya\OneDrive\Bureau\FINALFRONT-heroku-master 1234\EKTOR\android\node_modules\.bin;C:\Users\yahya\OneDrive\Bureau\FINALFRONT-heroku-master 1234\EKTOR\node_modules\.bin;C:\Users\yahya\OneDrive\Bureau\FINALFRONT-heroku-master 1234\node_modules\.bin;C:\Users\yahya\OneDrive\Bureau\node_modules\.bin;C:\Users\yahya\OneDrive\node_modules\.bin;C:\Users\yahya\node_modules\.bin;C:\Users\node_modules\.bin;C:\node_modules\.bin;C:\Program Files\nodejs;C:\Python39\Scripts\;C:\Python39\;C:\Program Files (x86)\Common Files\Oracle\Java\javapath;C:\WINDOWS\system32;C:\WINDOWS;C:\WINDOWS\System32\Wbem;C:\WINDOWS\System32\WindowsPowerShell\v1.0\;C:\WINDOWS\System32\OpenSSH\;C:\Program Files\nodejs\;C:\Program Files\Java\jdk1.8.0_271\bin;C:\Users\yahya\AppData\Local\Android\Sdk;C:\Program Files\Java\jdk\bin;C:\Program Files\php-8.0.0;C:\Program Files\Git\cmd;C:\Program Files\Java\jdk-14.0.1\bin;C:\ProgramData\chocolatey\bin;C:\Users\yahya\AppData\Local\Programs\Python\Python38\Scripts\;C:\Users\yahya\AppData\Local\Programs\Python\Python38\;C:\Users\yahya\AppData\Local\Microsoft\WindowsApps;C:\Users\yahya\AppData\Local\atom\bin;C:\Users\yahya\AppData\Roaming\npm;C:\Users\yahya\AppData\Local\Programs\Microsoft VS Code\bin;C:\Users\yahya\AppData\Local\Android\Sdk\platform-tools;C:\Program Files\Java\jdk\bin;C:\Program Files\Java\jdk\;C:\Users\yahya\AppData\Local\Microsoft\WindowsApps;
USERNAME=yahya
OS=Windows_NT
PROCESSOR_IDENTIFIER=AMD64 Family 23 Model 24 Stepping 1, AuthenticAMD



---------------  S Y S T E M  ---------------

OS: Windows 10.0 , 64 bit Build 19041 (10.0.19041.928)

CPU:total 8 (initial active 8) (8 cores per cpu, 1 threads per core) family 23 model 24 stepping 1, cmov, cx8, fxsr, mmx, sse, sse2, sse3, ssse3, sse4.1, sse4.2, popcnt, avx, avx2, aes, clmul, mmxext, 3dnowpref, lzcnt, sse4a, tsc, tscinvbit, tscinv, bmi1

Memory: 4k page, physical 3543304k(178592k free), swap 14553352k(8828k free)

vm_info: Java HotSpot(TM) 64-Bit Server VM (25.271-b09) for windows-amd64 JRE (1.8.0_271-b09), built on Sep 16 2020 19:14:59 by "" with MS VC++ 15.9 (VS2017)

time: Tue May 25 15:14:38 2021
timezone: Paris, Madrid (heure d’été)
elapsed time: 26.622499 seconds (0d 0h 0m 26s)

