#
# There is insufficient memory for the Java Runtime Environment to continue.
# Native memory allocation (malloc) failed to allocate 147344 bytes for Chunk::new
# Possible reasons:
#   The system is out of physical RAM or swap space
#   The process is running with CompressedOops enabled, and the Java Heap may be blocking the growth of the native heap
# Possible solutions:
#   Reduce memory load on the system
#   Increase physical memory or swap space
#   Check if swap backing store is full
#   Decrease Java heap size (-Xmx/-Xms)
#   Decrease number of Java threads
#   Decrease Java thread stack sizes (-Xss)
#   Set larger code cache with -XX:ReservedCodeCacheSize=
#   JVM is running with Unscaled Compressed Oops mode in which the Java heap is
#     placed in the first 4GB address space. The Java Heap base address is the
#     maximum limit for the native heap growth. Please use -XX:HeapBaseMinAddress
#     to set the Java Heap base and to place the Java Heap above 4GB virtual address.
# This output file may be truncated or incomplete.
#
#  Out of Memory Error (allocation.cpp:389), pid=10740, tid=0x00000000000026d4
#
# JRE version: Java(TM) SE Runtime Environment (8.0_271-b09) (build 1.8.0_271-b09)
# Java VM: Java HotSpot(TM) 64-Bit Server VM (25.271-b09 mixed mode windows-amd64 compressed oops)
# Failed to write core dump. Minidumps are not enabled by default on client versions of Windows
#

---------------  T H R E A D  ---------------

Current thread (0x00000188ee247800):  JavaThread "C2 CompilerThread2" daemon [_thread_in_native, id=9940, stack(0x000000709a200000,0x000000709a300000)]

Stack: [0x000000709a200000,0x000000709a300000]
Native frames: (J=compiled Java code, j=interpreted, Vv=VM code, C=native code)
V  [jvm.dll+0x33f6c9]
V  [jvm.dll+0x286122]
V  [jvm.dll+0x286dcd]
V  [jvm.dll+0x27d805]
V  [jvm.dll+0xe574c]
V  [jvm.dll+0xe5f4c]
V  [jvm.dll+0x4c2c48]
V  [jvm.dll+0x4c5aba]
V  [jvm.dll+0x450a2e]
V  [jvm.dll+0x44ffe5]
V  [jvm.dll+0x43aef7]
V  [jvm.dll+0xbc3eb]
V  [jvm.dll+0xbaa4b]
V  [jvm.dll+0x24e7c2]
V  [jvm.dll+0x2a2dcc]
C  [ucrtbase.dll+0x21bb2]
C  [KERNEL32.DLL+0x17034]
C  [ntdll.dll+0x52651]


Current CompileTask:
C2:16419498 17200       4       org.gradle.internal.component.model.DefaultSelectedByVariantMatchingConfigurationMetadata::getDependencies (10 bytes)


---------------  P R O C E S S  ---------------

Java Threads: ( => current thread )
  0x00000188fa6d6000 JavaThread "Cache worker for Build Output Cleanup Cache (C:\Users\yahya\OneDrive\Bureau\FINALFRONT-heroku-master 1234\EKTOR\android\.gradle\buildOutputCleanup)" [_thread_blocked, id=10416, stack(0x000000709be00000,0x000000709bf00000)]
  0x00000188fa6d4800 JavaThread "Build operations Thread 8" [_thread_blocked, id=1320, stack(0x000000709bd00000,0x000000709be00000)]
  0x00000188fa6d2000 JavaThread "Build operations Thread 7" [_thread_blocked, id=1164, stack(0x000000709bc00000,0x000000709bd00000)]
  0x00000188fa6d5000 JavaThread "Build operations Thread 6" [_thread_blocked, id=6816, stack(0x000000709bb00000,0x000000709bc00000)]
  0x00000188fa6d3800 JavaThread "Build operations Thread 5" [_thread_blocked, id=3932, stack(0x000000709ba00000,0x000000709bb00000)]
  0x00000188fa6c9800 JavaThread "Build operations Thread 4" [_thread_blocked, id=6544, stack(0x000000709b900000,0x000000709ba00000)]
  0x00000188fa6cb000 JavaThread "Build operations Thread 3" [_thread_blocked, id=10712, stack(0x000000709b800000,0x000000709b900000)]
  0x00000188fa6cc800 JavaThread "Build operations Thread 2" [_thread_blocked, id=9524, stack(0x000000709b700000,0x000000709b800000)]
  0x00000188fa6cc000 JavaThread "Build operations" [_thread_blocked, id=4200, stack(0x000000709b500000,0x000000709b600000)]
  0x00000188fa6d0800 JavaThread "Cache worker for cache directory md-rule (C:\Users\yahya\.gradle\caches\6.0.1\md-rule)" [_thread_blocked, id=3428, stack(0x000000709b400000,0x000000709b500000)]
  0x00000188f48da800 JavaThread "Cache worker for cache directory md-supplier (C:\Users\yahya\.gradle\caches\6.0.1\md-supplier)" [_thread_blocked, id=1288, stack(0x000000709b300000,0x000000709b400000)]
  0x00000188f48d8000 JavaThread "Cache worker for file hash cache (C:\Users\yahya\OneDrive\Bureau\FINALFRONT-heroku-master 1234\EKTOR\android\.gradle\6.0.1\fileHashes)" [_thread_blocked, id=2080, stack(0x000000709af00000,0x000000709b000000)]
  0x00000188f48d6000 JavaThread "Thread-80" [_thread_blocked, id=2992, stack(0x000000709ae00000,0x000000709af00000)]
  0x00000188f48d6800 JavaThread "Stdin handler" [_thread_blocked, id=1888, stack(0x000000709ad00000,0x000000709ae00000)]
  0x00000188f48d7800 JavaThread "Asynchronous log dispatcher for DefaultDaemonConnection: socket connection from /127.0.0.1:50774 to /127.0.0.1:53473" [_thread_blocked, id=7336, stack(0x000000709ac00000,0x000000709ad00000)]
  0x00000188f48d4800 JavaThread "Daemon worker Thread 4" [_thread_in_Java, id=14016, stack(0x000000709ab00000,0x000000709ac00000)]
  0x00000188f48cc000 JavaThread "Cancel handler" [_thread_blocked, id=13840, stack(0x000000709aa00000,0x000000709ab00000)]
  0x00000188f48d0800 JavaThread "Handler for socket connection from /127.0.0.1:50774 to /127.0.0.1:53473" [_thread_in_native, id=14492, stack(0x000000709a900000,0x000000709aa00000)]
  0x00000188f48d0000 JavaThread "Daemon Thread 4" [_thread_blocked, id=6988, stack(0x0000007099100000,0x0000007099200000)]
  0x00000188fa6cf800 JavaThread "AWT-Windows" daemon [_thread_in_native, id=8400, stack(0x000000709d200000,0x000000709d300000)]
  0x00000188fa6ca800 JavaThread "Java2D Disposer" daemon [_thread_blocked, id=11712, stack(0x000000709d000000,0x000000709d100000)]
  0x00000188fa6ce000 JavaThread "Device List Monitor" [_thread_in_native, id=8648, stack(0x000000709ce00000,0x000000709cf00000)]
  0x00000188f48d9000 JavaThread "Monitor" [_thread_in_native, id=6276, stack(0x000000709cd00000,0x000000709ce00000)]
  0x00000188f48d3800 JavaThread "Cache worker for file content cache (C:\Users\yahya\.gradle\caches\6.0.1\fileContent)" [_thread_blocked, id=8640, stack(0x000000709c300000,0x000000709c400000)]
  0x00000188effdb000 JavaThread "Memory manager" [_thread_blocked, id=5080, stack(0x0000007098f00000,0x0000007099000000)]
  0x00000188effd5000 JavaThread "Cache worker for execution history cache (C:\Users\yahya\.gradle\caches\6.0.1\executionHistory)" [_thread_blocked, id=10008, stack(0x000000709b600000,0x000000709b700000)]
  0x00000188ee244800 JavaThread "Cache worker for journal cache (C:\Users\yahya\.gradle\caches\journal-1)" [_thread_blocked, id=9644, stack(0x000000709b200000,0x000000709b300000)]
  0x00000188ee241000 JavaThread "File lock request listener" [_thread_in_native, id=9868, stack(0x000000709b100000,0x000000709b200000)]
  0x00000188ee246800 JavaThread "Cache worker for file hash cache (C:\Users\yahya\.gradle\caches\6.0.1\fileHashes)" [_thread_blocked, id=9808, stack(0x000000709b000000,0x000000709b100000)]
  0x00000188f1268000 JavaThread "Daemon periodic checks" [_thread_blocked, id=8084, stack(0x000000709a800000,0x000000709a900000)]
  0x00000188f12a0800 JavaThread "Incoming local TCP Connector on port 50774" [_thread_in_native, id=6216, stack(0x000000709a700000,0x000000709a800000)]
  0x00000188f1233800 JavaThread "Daemon health stats" [_thread_blocked, id=6020, stack(0x000000709a600000,0x000000709a700000)]
  0x00000188ef652800 JavaThread "Service Thread" daemon [_thread_blocked, id=2516, stack(0x000000709a400000,0x000000709a500000)]
  0x00000188ee248000 JavaThread "C1 CompilerThread3" daemon [_thread_blocked, id=7316, stack(0x000000709a300000,0x000000709a400000)]
=>0x00000188ee247800 JavaThread "C2 CompilerThread2" daemon [_thread_in_native, id=9940, stack(0x000000709a200000,0x000000709a300000)]
  0x00000188ee235800 JavaThread "C2 CompilerThread1" daemon [_thread_blocked, id=11284, stack(0x000000709a100000,0x000000709a200000)]
  0x00000188ee231000 JavaThread "C2 CompilerThread0" daemon [_thread_in_native, id=10112, stack(0x000000709a000000,0x000000709a100000)]
  0x00000188ee230000 JavaThread "Attach Listener" daemon [_thread_blocked, id=5948, stack(0x0000007099f00000,0x000000709a000000)]
  0x00000188ee22c800 JavaThread "Signal Dispatcher" daemon [_thread_blocked, id=9676, stack(0x0000007099e00000,0x0000007099f00000)]
  0x00000188ee1fc800 JavaThread "Finalizer" daemon [_thread_blocked, id=2456, stack(0x0000007099d00000,0x0000007099e00000)]
  0x00000188ed60e800 JavaThread "Reference Handler" daemon [_thread_blocked, id=9652, stack(0x0000007099c00000,0x0000007099d00000)]
  0x00000188dac23000 JavaThread "main" [_thread_blocked, id=10732, stack(0x0000007099200000,0x0000007099300000)]

Other Threads:
  0x00000188ed60c800 VMThread [stack: 0x0000007099b00000,0x0000007099c00000] [id=11448]
  0x00000188ef655000 WatcherThread [stack: 0x000000709a500000,0x000000709a600000] [id=12136]

VM state:not at safepoint (normal execution)

VM Mutex/Monitor currently owned by a thread: None

heap address: 0x00000000e0000000, size: 512 MB, Compressed Oops mode: 32-bit
Narrow klass base: 0x0000000000000000, Narrow klass shift: 3
Compressed class space size: 1073741824 Address: 0x0000000100000000

Heap:
 PSYoungGen      total 140288K, used 101548K [0x00000000f5580000, 0x00000000ffe00000, 0x0000000100000000)
  eden space 107008K, 81% used [0x00000000f5580000,0x00000000faa8de40,0x00000000fbe00000)
  from space 33280K, 43% used [0x00000000fbe00000,0x00000000fcc1d428,0x00000000fde80000)
  to   space 32256K, 0% used [0x00000000fde80000,0x00000000fde80000,0x00000000ffe00000)
 ParOldGen       total 270848K, used 124666K [0x00000000e0000000, 0x00000000f0880000, 0x00000000f5580000)
  object space 270848K, 46% used [0x00000000e0000000,0x00000000e79bea90,0x00000000f0880000)
 Metaspace       used 91873K, capacity 98954K, committed 99224K, reserved 1134592K
  class space    used 12453K, capacity 14091K, committed 14232K, reserved 1048576K

Card table byte_map: [0x00000188eba50000,0x00000188ebb60000] byte_map_base: 0x00000188eb350000

Marking Bits: (ParMarkBitMap*) 0x0000000066f27fe0
 Begin Bits: [0x00000188ebc10000, 0x00000188ec410000)
 End Bits:   [0x00000188ec410000, 0x00000188ecc10000)

Polling page: 0x00000188dae20000

CodeCache: size=245760Kb used=47579Kb max_used=47601Kb free=198180Kb
 bounds [0x00000188dc690000, 0x00000188df550000, 0x00000188eb690000]
 total_blobs=14708 nmethods=13800 adapters=819
 compilation: enabled

Compilation events (10 events):
Event: 16419.367 Thread 0x00000188ee248000 17203       3       org.gradle.internal.dispatch.ReflectionDispatch::<init> (10 bytes)
Event: 16419.367 Thread 0x00000188ee248000 nmethod 17203 0x00000188df534690 code [0x00000188df5347e0, 0x00000188df5349b8]
Event: 16419.368 Thread 0x00000188ee248000 17204       3       com.google.common.collect.ImmutableSet$RegularSetBuilderImpl::add (122 bytes)
Event: 16419.369 Thread 0x00000188ee248000 nmethod 17204 0x00000188df532fd0 code [0x00000188df533200, 0x00000188df533f30]
Event: 16419.369 Thread 0x00000188ee248000 17205       3       com.google.common.collect.ImmutableSet$SetBuilderImpl::addDedupedElement (28 bytes)
Event: 16419.370 Thread 0x00000188ee248000 nmethod 17205 0x00000188df5326d0 code [0x00000188df532860, 0x00000188df532d60]
Event: 16419.377 Thread 0x00000188ee248000 17208       3       com.android.build.gradle.internal.api.DefaultAndroidSourceSet_Decorated::getAsDynamicObject (37 bytes)
Event: 16419.378 Thread 0x00000188ee248000 nmethod 17208 0x00000188df534dd0 code [0x00000188df535020, 0x00000188df535dd0]
Event: 16419.382 Thread 0x00000188ee248000 17209       3       org.codehaus.groovy.runtime.callsite.CallSiteArray::createCallSite (64 bytes)
Event: 16419.388 Thread 0x00000188ee248000 nmethod 17209 0x00000188df536750 code [0x00000188df536940, 0x00000188df537320]

GC Heap History (10 events):
Event: 7411.179 GC heap before
{Heap before GC invocations=25 (full 4):
 PSYoungGen      total 138752K, used 26496K [0x00000000f5580000, 0x0000000100000000, 0x0000000100000000)
  eden space 112128K, 0% used [0x00000000f5580000,0x00000000f5580000,0x00000000fc300000)
  from space 26624K, 99% used [0x00000000fc300000,0x00000000fdce0020,0x00000000fdd00000)
  to   space 34304K, 0% used [0x00000000fde80000,0x00000000fde80000,0x0000000100000000)
 ParOldGen       total 175104K, used 164132K [0x00000000e0000000, 0x00000000eab00000, 0x00000000f5580000)
  object space 175104K, 93% used [0x00000000e0000000,0x00000000ea0491c8,0x00000000eab00000)
 Metaspace       used 81275K, capacity 87934K, committed 88088K, reserved 1124352K
  class space    used 11070K, capacity 12504K, committed 12568K, reserved 1048576K
Event: 7412.833 GC heap after
Heap after GC invocations=25 (full 4):
 PSYoungGen      total 138752K, used 0K [0x00000000f5580000, 0x0000000100000000, 0x0000000100000000)
  eden space 112128K, 0% used [0x00000000f5580000,0x00000000f5580000,0x00000000fc300000)
  from space 26624K, 0% used [0x00000000fc300000,0x00000000fc300000,0x00000000fdd00000)
  to   space 34304K, 0% used [0x00000000fde80000,0x00000000fde80000,0x0000000100000000)
 ParOldGen       total 270848K, used 115410K [0x00000000e0000000, 0x00000000f0880000, 0x00000000f5580000)
  object space 270848K, 42% used [0x00000000e0000000,0x00000000e70b49f0,0x00000000f0880000)
 Metaspace       used 80364K, capacity 85744K, committed 88088K, reserved 1124352K
  class space    used 10789K, capacity 12029K, committed 12568K, reserved 1048576K
}
Event: 7418.347 GC heap before
{Heap before GC invocations=26 (full 4):
 PSYoungGen      total 138752K, used 112128K [0x00000000f5580000, 0x0000000100000000, 0x0000000100000000)
  eden space 112128K, 100% used [0x00000000f5580000,0x00000000fc300000,0x00000000fc300000)
  from space 26624K, 0% used [0x00000000fc300000,0x00000000fc300000,0x00000000fdd00000)
  to   space 34304K, 0% used [0x00000000fde80000,0x00000000fde80000,0x0000000100000000)
 ParOldGen       total 270848K, used 115410K [0x00000000e0000000, 0x00000000f0880000, 0x00000000f5580000)
  object space 270848K, 42% used [0x00000000e0000000,0x00000000e70b49f0,0x00000000f0880000)
 Metaspace       used 80482K, capacity 85930K, committed 88344K, reserved 1124352K
  class space    used 10798K, capacity 12039K, committed 12568K, reserved 1048576K
Event: 7418.406 GC heap after
Heap after GC invocations=26 (full 4):
 PSYoungGen      total 140800K, used 4800K [0x00000000f5580000, 0x0000000100000000, 0x0000000100000000)
  eden space 106496K, 0% used [0x00000000f5580000,0x00000000f5580000,0x00000000fbd80000)
  from space 34304K, 13% used [0x00000000fde80000,0x00000000fe330010,0x0000000100000000)
  to   space 33792K, 0% used [0x00000000fbd80000,0x00000000fbd80000,0x00000000fde80000)
 ParOldGen       total 270848K, used 115418K [0x00000000e0000000, 0x00000000f0880000, 0x00000000f5580000)
  object space 270848K, 42% used [0x00000000e0000000,0x00000000e70b69f0,0x00000000f0880000)
 Metaspace       used 80482K, capacity 85930K, committed 88344K, reserved 1124352K
  class space    used 10798K, capacity 12039K, committed 12568K, reserved 1048576K
}
Event: 7421.817 GC heap before
{Heap before GC invocations=27 (full 4):
 PSYoungGen      total 140800K, used 111296K [0x00000000f5580000, 0x0000000100000000, 0x0000000100000000)
  eden space 106496K, 100% used [0x00000000f5580000,0x00000000fbd80000,0x00000000fbd80000)
  from space 34304K, 13% used [0x00000000fde80000,0x00000000fe330010,0x0000000100000000)
  to   space 33792K, 0% used [0x00000000fbd80000,0x00000000fbd80000,0x00000000fde80000)
 ParOldGen       total 270848K, used 115418K [0x00000000e0000000, 0x00000000f0880000, 0x00000000f5580000)
  object space 270848K, 42% used [0x00000000e0000000,0x00000000e70b69f0,0x00000000f0880000)
 Metaspace       used 80547K, capacity 85960K, committed 88344K, reserved 1124352K
  class space    used 10801K, capacity 12044K, committed 12568K, reserved 1048576K
Event: 7421.833 GC heap after
Heap after GC invocations=27 (full 4):
 PSYoungGen      total 140288K, used 2896K [0x00000000f5580000, 0x00000000fff80000, 0x0000000100000000)
  eden space 106496K, 0% used [0x00000000f5580000,0x00000000f5580000,0x00000000fbd80000)
  from space 33792K, 8% used [0x00000000fbd80000,0x00000000fc054010,0x00000000fde80000)
  to   space 33792K, 0% used [0x00000000fde80000,0x00000000fde80000,0x00000000fff80000)
 ParOldGen       total 270848K, used 119631K [0x00000000e0000000, 0x00000000f0880000, 0x00000000f5580000)
  object space 270848K, 44% used [0x00000000e0000000,0x00000000e74d3f38,0x00000000f0880000)
 Metaspace       used 80547K, capacity 85960K, committed 88344K, reserved 1124352K
  class space    used 10801K, capacity 12044K, committed 12568K, reserved 1048576K
}
Event: 16398.441 GC heap before
{Heap before GC invocations=28 (full 4):
 PSYoungGen      total 140288K, used 109392K [0x00000000f5580000, 0x00000000fff80000, 0x0000000100000000)
  eden space 106496K, 100% used [0x00000000f5580000,0x00000000fbd80000,0x00000000fbd80000)
  from space 33792K, 8% used [0x00000000fbd80000,0x00000000fc054010,0x00000000fde80000)
  to   space 33792K, 0% used [0x00000000fde80000,0x00000000fde80000,0x00000000fff80000)
 ParOldGen       total 270848K, used 119631K [0x00000000e0000000, 0x00000000f0880000, 0x00000000f5580000)
  object space 270848K, 44% used [0x00000000e0000000,0x00000000e74d3f38,0x00000000f0880000)
 Metaspace       used 80957K, capacity 86602K, committed 88728K, reserved 1126400K
  class space    used 10867K, capacity 12205K, committed 12696K, reserved 1048576K
Event: 16399.081 GC heap after
Heap after GC invocations=28 (full 4):
 PSYoungGen      total 140288K, used 3862K [0x00000000f5580000, 0x00000000fff00000, 0x0000000100000000)
  eden space 107008K, 0% used [0x00000000f5580000,0x00000000f5580000,0x00000000fbe00000)
  from space 33280K, 11% used [0x00000000fde80000,0x00000000fe245a10,0x00000000fff00000)
  to   space 33280K, 0% used [0x00000000fbe00000,0x00000000fbe00000,0x00000000fde80000)
 ParOldGen       total 270848K, used 121512K [0x00000000e0000000, 0x00000000f0880000, 0x00000000f5580000)
  object space 270848K, 44% used [0x00000000e0000000,0x00000000e76aa3e8,0x00000000f0880000)
 Metaspace       used 80957K, capacity 86602K, committed 88728K, reserved 1126400K
  class space    used 10867K, capacity 12205K, committed 12696K, reserved 1048576K
}
Event: 16415.197 GC heap before
{Heap before GC invocations=29 (full 4):
 PSYoungGen      total 140288K, used 110870K [0x00000000f5580000, 0x00000000fff00000, 0x0000000100000000)
  eden space 107008K, 100% used [0x00000000f5580000,0x00000000fbe00000,0x00000000fbe00000)
  from space 33280K, 11% used [0x00000000fde80000,0x00000000fe245a10,0x00000000fff00000)
  to   space 33280K, 0% used [0x00000000fbe00000,0x00000000fbe00000,0x00000000fde80000)
 ParOldGen       total 270848K, used 121512K [0x00000000e0000000, 0x00000000f0880000, 0x00000000f5580000)
  object space 270848K, 44% used [0x00000000e0000000,0x00000000e76aa3e8,0x00000000f0880000)
 Metaspace       used 88059K, capacity 94430K, committed 95512K, reserved 1130496K
  class space    used 11821K, capacity 13294K, committed 13592K, reserved 1048576K
Event: 16415.457 GC heap after
Heap after GC invocations=29 (full 4):
 PSYoungGen      total 140288K, used 14453K [0x00000000f5580000, 0x00000000ffe00000, 0x0000000100000000)
  eden space 107008K, 0% used [0x00000000f5580000,0x00000000f5580000,0x00000000fbe00000)
  from space 33280K, 43% used [0x00000000fbe00000,0x00000000fcc1d428,0x00000000fde80000)
  to   space 32256K, 0% used [0x00000000fde80000,0x00000000fde80000,0x00000000ffe00000)
 ParOldGen       total 270848K, used 124666K [0x00000000e0000000, 0x00000000f0880000, 0x00000000f5580000)
  object space 270848K, 46% used [0x00000000e0000000,0x00000000e79bea90,0x00000000f0880000)
 Metaspace       used 88059K, capacity 94430K, committed 95512K, reserved 1130496K
  class space    used 11821K, capacity 13294K, committed 13592K, reserved 1048576K
}

Deoptimization events (10 events):
Event: 16415.675 Thread 0x00000188f48d4800 Uncommon trap: reason=array_check action=maybe_recompile pc=0x00000188dd505814 method=java.util.TimSort.reverseRange([Ljava/lang/Object;II)V @ 27
Event: 16417.043 Thread 0x00000188f48d4800 Uncommon trap: reason=class_check action=maybe_recompile pc=0x00000188de6df3a4 method=org.gradle.util.GUtil.addToCollection(Ljava/util/Collection;Z[Ljava/lang/Iterable;)Ljava/util/Collection; @ 24
Event: 16417.095 Thread 0x00000188f48d4800 Uncommon trap: reason=null_check action=make_not_entrant pc=0x00000188dd509b08 method=org.gradle.internal.instantiation.generator.AbstractClassGenerator.isPropertyProperty(Ljava/lang/Class;)Z @ 3
Event: 16417.429 Thread 0x00000188f48d4800 Uncommon trap: reason=array_check action=maybe_recompile pc=0x00000188dd4fc728 method=java.util.TimSort.binarySort([Ljava/lang/Object;IIILjava/util/Comparator;)V @ 183
Event: 16417.429 Thread 0x00000188f48d4800 Uncommon trap: reason=array_check action=maybe_recompile pc=0x00000188dd4fc728 method=java.util.TimSort.binarySort([Ljava/lang/Object;IIILjava/util/Comparator;)V @ 183
Event: 16417.660 Thread 0x00000188f48d4800 Uncommon trap: reason=null_check action=make_not_entrant pc=0x00000188dd5a9b3c method=org.gradle.internal.instantiation.generator.AbstractClassGenerator.isPropertyProperty(Ljava/lang/Class;)Z @ 12
Event: 16417.970 Thread 0x00000188f48d4800 Uncommon trap: reason=class_check action=maybe_recompile pc=0x00000188de6df3a4 method=org.gradle.util.GUtil.addToCollection(Ljava/util/Collection;Z[Ljava/lang/Iterable;)Ljava/util/Collection; @ 24
Event: 16418.251 Thread 0x00000188f48d4800 Uncommon trap: reason=null_check action=make_not_entrant pc=0x00000188df46aa44 method=org.gradle.internal.instantiation.generator.AbstractClassGenerator.isPropertyProperty(Ljava/lang/Class;)Z @ 21
Event: 16418.805 Thread 0x00000188fa6c9800 Uncommon trap: reason=unstable_if action=reinterpret pc=0x00000188dec27284 method=java.util.concurrent.ConcurrentHashMap.sumCount()J @ 30
Event: 16418.807 Thread 0x00000188fa6d3800 Uncommon trap: reason=unstable_if action=reinterpret pc=0x00000188dec2d3b8 method=java.util.concurrent.ConcurrentHashMap.sumCount()J @ 30

Classes redefined (0 events):
No events

Internal exceptions (10 events):
Event: 16419.425 Thread 0x00000188f48d4800 Exception <a 'java/security/PrivilegedActionException'> (0x00000000fa851488) thrown at [C:\jenkins\workspace\8-2-build-windows-amd64-cygwin\jdk8u271\605\hotspot\src\share\vm\prims\jvm.cpp, line 1512]
Event: 16419.425 Thread 0x00000188f48d4800 Exception <a 'java/security/PrivilegedActionException'> (0x00000000fa8523f0) thrown at [C:\jenkins\workspace\8-2-build-windows-amd64-cygwin\jdk8u271\605\hotspot\src\share\vm\prims\jvm.cpp, line 1512]
Event: 16419.426 Thread 0x00000188f48d4800 Exception <a 'java/security/PrivilegedActionException'> (0x00000000fa8558d0) thrown at [C:\jenkins\workspace\8-2-build-windows-amd64-cygwin\jdk8u271\605\hotspot\src\share\vm\prims\jvm.cpp, line 1512]
Event: 16419.426 Thread 0x00000188f48d4800 Exception <a 'java/security/PrivilegedActionException'> (0x00000000fa856838) thrown at [C:\jenkins\workspace\8-2-build-windows-amd64-cygwin\jdk8u271\605\hotspot\src\share\vm\prims\jvm.cpp, line 1512]
Event: 16419.426 Thread 0x00000188f48d4800 Exception <a 'java/security/PrivilegedActionException'> (0x00000000fa859d90) thrown at [C:\jenkins\workspace\8-2-build-windows-amd64-cygwin\jdk8u271\605\hotspot\src\share\vm\prims\jvm.cpp, line 1512]
Event: 16419.426 Thread 0x00000188f48d4800 Exception <a 'java/security/PrivilegedActionException'> (0x00000000fa85acf8) thrown at [C:\jenkins\workspace\8-2-build-windows-amd64-cygwin\jdk8u271\605\hotspot\src\share\vm\prims\jvm.cpp, line 1512]
Event: 16419.426 Thread 0x00000188f48d4800 Exception <a 'java/security/PrivilegedActionException'> (0x00000000fa85e358) thrown at [C:\jenkins\workspace\8-2-build-windows-amd64-cygwin\jdk8u271\605\hotspot\src\share\vm\prims\jvm.cpp, line 1512]
Event: 16419.426 Thread 0x00000188f48d4800 Exception <a 'java/security/PrivilegedActionException'> (0x00000000fa85f2c0) thrown at [C:\jenkins\workspace\8-2-build-windows-amd64-cygwin\jdk8u271\605\hotspot\src\share\vm\prims\jvm.cpp, line 1512]
Event: 16419.427 Thread 0x00000188f48d4800 Exception <a 'java/security/PrivilegedActionException'> (0x00000000fa862670) thrown at [C:\jenkins\workspace\8-2-build-windows-amd64-cygwin\jdk8u271\605\hotspot\src\share\vm\prims\jvm.cpp, line 1512]
Event: 16419.427 Thread 0x00000188f48d4800 Exception <a 'java/security/PrivilegedActionException'> (0x00000000fa8635d8) thrown at [C:\jenkins\workspace\8-2-build-windows-amd64-cygwin\jdk8u271\605\hotspot\src\share\vm\prims\jvm.cpp, line 1512]

Events (10 events):
Event: 16419.355 loading class build_81h8nd9ytfgkqykbatex98sx6Customizer
Event: 16419.355 loading class build_81h8nd9ytfgkqykbatex98sx6Customizer done
Event: 16419.359 loading class build_81h8nd9ytfgkqykbatex98sx6Customizer
Event: 16419.359 loading class build_81h8nd9ytfgkqykbatex98sx6Customizer done
Event: 16419.381 loading class groovy/runtime/metaclass/build_81h8nd9ytfgkqykbatex98sx6$_run_closure1MetaClass
Event: 16419.381 loading class groovy/runtime/metaclass/build_81h8nd9ytfgkqykbatex98sx6$_run_closure1MetaClass done
Event: 16419.390 loading class groovy/runtime/metaclass/build_81h8nd9ytfgkqykbatex98sx6$_run_closure1$_closure4MetaClass
Event: 16419.390 loading class groovy/runtime/metaclass/build_81h8nd9ytfgkqykbatex98sx6$_run_closure1$_closure4MetaClass done
Event: 16419.394 loading class build_81h8nd9ytfgkqykbatex98sx6$_run_closure1BeanInfo
Event: 16419.394 loading class build_81h8nd9ytfgkqykbatex98sx6$_run_closure1BeanInfo done


Dynamic libraries:
0x00007ff64cc20000 - 0x00007ff64cc67000 	C:\Program Files\Java\jdk\bin\java.exe
0x00007fff5f2d0000 - 0x00007fff5f4c5000 	C:\WINDOWS\SYSTEM32\ntdll.dll
0x00007fff5dab0000 - 0x00007fff5db6d000 	C:\WINDOWS\System32\KERNEL32.DLL
0x00007fff5cc80000 - 0x00007fff5cf48000 	C:\WINDOWS\System32\KERNELBASE.dll
0x00007fff5f1b0000 - 0x00007fff5f25c000 	C:\WINDOWS\System32\ADVAPI32.dll
0x00007fff5e700000 - 0x00007fff5e79e000 	C:\WINDOWS\System32\msvcrt.dll
0x00007fff5da10000 - 0x00007fff5daab000 	C:\WINDOWS\System32\sechost.dll
0x00007fff5ea40000 - 0x00007fff5eb6b000 	C:\WINDOWS\System32\RPCRT4.dll
0x00007fff5e7c0000 - 0x00007fff5e960000 	C:\WINDOWS\System32\USER32.dll
0x00007fff5c9e0000 - 0x00007fff5ca02000 	C:\WINDOWS\System32\win32u.dll
0x00007fff5dbd0000 - 0x00007fff5dbfa000 	C:\WINDOWS\System32\GDI32.dll
0x00007fff5cf50000 - 0x00007fff5d05b000 	C:\WINDOWS\System32\gdi32full.dll
0x00007fff5cb90000 - 0x00007fff5cc2d000 	C:\WINDOWS\System32\msvcp_win.dll
0x00007fff5ca10000 - 0x00007fff5cb10000 	C:\WINDOWS\System32\ucrtbase.dll
0x00007fff5bda0000 - 0x00007fff5c03a000 	C:\WINDOWS\WinSxS\amd64_microsoft.windows.common-controls_6595b64144ccf1df_6.0.19041.844_none_ca00b6081b84eb1d\COMCTL32.dll
0x00007fff5d300000 - 0x00007fff5d330000 	C:\WINDOWS\System32\IMM32.DLL
0x00007fff5a670000 - 0x00007fff5a685000 	C:\Program Files\Java\jdk\jre\bin\vcruntime140.dll
0x00007fff553c0000 - 0x00007fff5545b000 	C:\Program Files\Java\jdk\jre\bin\msvcp140.dll
0x0000000066730000 - 0x0000000066f9f000 	C:\Program Files\Java\jdk\jre\bin\server\jvm.dll
0x00007fff5e7b0000 - 0x00007fff5e7b8000 	C:\WINDOWS\System32\PSAPI.DLL
0x00007fff5a660000 - 0x00007fff5a669000 	C:\WINDOWS\SYSTEM32\WSOCK32.dll
0x00007fff52ae0000 - 0x00007fff52b07000 	C:\WINDOWS\SYSTEM32\WINMM.dll
0x00007fff5e9c0000 - 0x00007fff5ea2b000 	C:\WINDOWS\System32\WS2_32.dll
0x00007fff558c0000 - 0x00007fff558ca000 	C:\WINDOWS\SYSTEM32\VERSION.dll
0x00007fff5a5e0000 - 0x00007fff5a5f2000 	C:\WINDOWS\SYSTEM32\kernel.appcore.dll
0x00007fff5a530000 - 0x00007fff5a540000 	C:\Program Files\Java\jdk\jre\bin\verify.dll
0x00007fff55390000 - 0x00007fff553bb000 	C:\Program Files\Java\jdk\jre\bin\java.dll
0x00007fff55cb0000 - 0x00007fff55cc8000 	C:\Program Files\Java\jdk\jre\bin\zip.dll
0x00007fff5dc00000 - 0x00007fff5e342000 	C:\WINDOWS\System32\SHELL32.dll
0x00007fff59bf0000 - 0x00007fff5a380000 	C:\WINDOWS\SYSTEM32\windows.storage.dll
0x00007fff5edf0000 - 0x00007fff5f145000 	C:\WINDOWS\System32\combase.dll
0x00007fff5bd00000 - 0x00007fff5bd2c000 	C:\WINDOWS\SYSTEM32\Wldp.dll
0x00007fff5d330000 - 0x00007fff5d3de000 	C:\WINDOWS\System32\SHCORE.dll
0x00007fff5f150000 - 0x00007fff5f1a5000 	C:\WINDOWS\System32\shlwapi.dll
0x00007fff5c920000 - 0x00007fff5c93f000 	C:\WINDOWS\SYSTEM32\profapi.dll
0x00007fff55370000 - 0x00007fff5538c000 	C:\Program Files\Java\jdk\jre\bin\net.dll
0x00007fff5bac0000 - 0x00007fff5bb2a000 	C:\WINDOWS\system32\mswsock.dll
0x00007fff55350000 - 0x00007fff55363000 	C:\Program Files\Java\jdk\jre\bin\nio.dll
0x00007fff55040000 - 0x00007fff55066000 	C:\Users\yahya\.gradle\native\30\windows-amd64\native-platform.dll
0x00007fff592d0000 - 0x00007fff592dd000 	C:\Program Files\Java\jdk\jre\bin\management.dll
0x00007fff5c6a0000 - 0x00007fff5c6b8000 	C:\WINDOWS\SYSTEM32\CRYPTSP.dll
0x00007fff5b430000 - 0x00007fff5b464000 	C:\WINDOWS\system32\rsaenh.dll
0x00007fff5d2d0000 - 0x00007fff5d2f7000 	C:\WINDOWS\System32\bcrypt.dll
0x00007fff5c8a0000 - 0x00007fff5c8ce000 	C:\WINDOWS\SYSTEM32\USERENV.dll
0x00007fff5cb10000 - 0x00007fff5cb90000 	C:\WINDOWS\System32\bcryptprimitives.dll
0x00007fff5bb30000 - 0x00007fff5bb3c000 	C:\WINDOWS\SYSTEM32\CRYPTBASE.dll
0x00007fff5b760000 - 0x00007fff5b79b000 	C:\WINDOWS\SYSTEM32\IPHLPAPI.DLL
0x00007fff5ea30000 - 0x00007fff5ea38000 	C:\WINDOWS\System32\NSI.dll
0x00007fff53960000 - 0x00007fff53977000 	C:\WINDOWS\SYSTEM32\dhcpcsvc6.DLL
0x00007fff543b0000 - 0x00007fff543cd000 	C:\WINDOWS\SYSTEM32\dhcpcsvc.DLL
0x00007fff5b7a0000 - 0x00007fff5b86c000 	C:\WINDOWS\SYSTEM32\DNSAPI.dll
0x00007fff4dae0000 - 0x00007fff4db04000 	C:\Program Files\Java\jdk\jre\bin\sunec.dll
0x00007fff4f090000 - 0x00007fff4f09a000 	C:\Windows\System32\rasadhlp.dll
0x00007fff4fc90000 - 0x00007fff4fd0f000 	C:\WINDOWS\System32\fwpuclnt.dll
0x00007fff5aa50000 - 0x00007fff5aa5d000 	C:\Program Files\Java\jdk\jre\bin\sunmscapi.dll
0x00007fff5d0c0000 - 0x00007fff5d21f000 	C:\WINDOWS\System32\CRYPT32.dll
0x00007fff5bd70000 - 0x00007fff5bd97000 	C:\WINDOWS\SYSTEM32\ncrypt.dll
0x00007fff5bd30000 - 0x00007fff5bd6b000 	C:\WINDOWS\SYSTEM32\NTASN1.dll
0x00007fff411d0000 - 0x00007fff41364000 	C:\Program Files\Java\jdk\jre\bin\awt.dll
0x00007fff5e500000 - 0x00007fff5e5cd000 	C:\WINDOWS\System32\OLEAUT32.dll
0x00007fff594a0000 - 0x00007fff59530000 	C:\WINDOWS\SYSTEM32\apphelp.dll
0x00007fff59630000 - 0x00007fff596ce000 	C:\WINDOWS\system32\uxtheme.dll
0x00007fff5ecd0000 - 0x00007fff5ede5000 	C:\WINDOWS\System32\MSCTF.dll
0x00007fff5d3e0000 - 0x00007fff5d50a000 	C:\WINDOWS\System32\ole32.dll
0x00007fff460e0000 - 0x00007fff4618c000 	C:\WINDOWS\SYSTEM32\TextShaping.dll
0x00007fff59900000 - 0x00007fff5992f000 	C:\WINDOWS\system32\DWMAPI.DLL
0x00007fff5c310000 - 0x00007fff5c4f4000 	C:\WINDOWS\SYSTEM32\dbghelp.dll

VM Arguments:
jvm_args: -XX:MaxMetaspaceSize=256m -XX:+HeapDumpOnOutOfMemoryError -Xms256m -Xmx512m -Dfile.encoding=windows-1252 -Duser.country=FR -Duser.language=fr -Duser.variant 
java_command: org.gradle.launcher.daemon.bootstrap.GradleDaemon 6.0.1
java_class_path (initial): C:\Users\yahya\.gradle\wrapper\dists\gradle-6.0.1-all\99d3u8wxs16ndehh90lbbir67\gradle-6.0.1\lib\gradle-launcher-6.0.1.jar
Launcher Type: SUN_STANDARD

Environment Variables:
JAVA_HOME=C:\Program Files\Java\jdk
CLASSPATH=C:\Users\yahya\OneDrive\Bureau\FINALFRONT-heroku-master 1234\EKTOR\android\\gradle\wrapper\gradle-wrapper.jar
PATH=C:\Users\yahya\OneDrive\Bureau\FINALFRONT-heroku-master 1234\EKTOR\android\node_modules\.bin;C:\Users\yahya\OneDrive\Bureau\FINALFRONT-heroku-master 1234\EKTOR\node_modules\.bin;C:\Users\yahya\OneDrive\Bureau\FINALFRONT-heroku-master 1234\node_modules\.bin;C:\Users\yahya\OneDrive\Bureau\node_modules\.bin;C:\Users\yahya\OneDrive\node_modules\.bin;C:\Users\yahya\node_modules\.bin;C:\Users\node_modules\.bin;C:\node_modules\.bin;C:\Program Files\nodejs;C:\Python39\Scripts\;C:\Python39\;C:\Program Files (x86)\Common Files\Oracle\Java\javapath;C:\WINDOWS\system32;C:\WINDOWS;C:\WINDOWS\System32\Wbem;C:\WINDOWS\System32\WindowsPowerShell\v1.0\;C:\WINDOWS\System32\OpenSSH\;C:\Program Files\nodejs\;C:\Program Files\Java\jdk1.8.0_271\bin;C:\Users\yahya\AppData\Local\Android\Sdk;C:\Program Files\Java\jdk\bin;C:\Program Files\php-8.0.0;C:\Program Files\Git\cmd;C:\Program Files\Java\jdk-14.0.1\bin;C:\ProgramData\chocolatey\bin;C:\Users\yahya\AppData\Local\Programs\Python\Python38\Scripts\;C:\Users\yahya\AppData\Local\Programs\Python\Python38\;C:\Users\yahya\AppData\Local\Microsoft\WindowsApps;C:\Users\yahya\AppData\Local\atom\bin;C:\Users\yahya\AppData\Roaming\npm;C:\Users\yahya\AppData\Local\Programs\Microsoft VS Code\bin;C:\Users\yahya\AppData\Local\Android\Sdk\platform-tools;C:\Program Files\Java\jdk\bin;C:\Program Files\Java\jdk\;C:\Users\yahya\AppData\Local\Microsoft\WindowsApps;
USERNAME=yahya
OS=Windows_NT
PROCESSOR_IDENTIFIER=AMD64 Family 23 Model 24 Stepping 1, AuthenticAMD



---------------  S Y S T E M  ---------------

OS: Windows 10.0 , 64 bit Build 19041 (10.0.19041.928)

CPU:total 8 (initial active 8) (8 cores per cpu, 1 threads per core) family 23 model 24 stepping 1, cmov, cx8, fxsr, mmx, sse, sse2, sse3, ssse3, sse4.1, sse4.2, popcnt, avx, avx2, aes, clmul, mmxext, 3dnowpref, lzcnt, sse4a, tsc, tscinvbit, tscinv, bmi1

Memory: 4k page, physical 3543304k(17472k free), swap 14553352k(0k free)

vm_info: Java HotSpot(TM) 64-Bit Server VM (25.271-b09) for windows-amd64 JRE (1.8.0_271-b09), built on Sep 16 2020 19:14:59 by "" with MS VC++ 15.9 (VS2017)

time: Tue May 18 16:46:40 2021
timezone: Paris, Madrid (heure d’été)
elapsed time: 16419.515625 seconds (0d 4h 33m 39s)

