#
# There is insufficient memory for the Java Runtime Environment to continue.
# Native memory allocation (malloc) failed to allocate 1435696 bytes for Chunk::new
# Possible reasons:
#   The system is out of physical RAM or swap space
#   The process is running with CompressedOops enabled, and the Java Heap may be blocking the growth of the native heap
# Possible solutions:
#   Reduce memory load on the system
#   Increase physical memory or swap space
#   Check if swap backing store is full
#   Decrease Java heap size (-Xmx/-Xms)
#   Decrease number of Java threads
#   Decrease Java thread stack sizes (-Xss)
#   Set larger code cache with -XX:ReservedCodeCacheSize=
#   JVM is running with Unscaled Compressed Oops mode in which the Java heap is
#     placed in the first 4GB address space. The Java Heap base address is the
#     maximum limit for the native heap growth. Please use -XX:HeapBaseMinAddress
#     to set the Java Heap base and to place the Java Heap above 4GB virtual address.
# This output file may be truncated or incomplete.
#
#  Out of Memory Error (allocation.cpp:389), pid=15956, tid=0x00000000000015e8
#
# JRE version: Java(TM) SE Runtime Environment (8.0_271-b09) (build 1.8.0_271-b09)
# Java VM: Java HotSpot(TM) 64-Bit Server VM (25.271-b09 mixed mode windows-amd64 compressed oops)
# Failed to write core dump. Minidumps are not enabled by default on client versions of Windows
#

---------------  T H R E A D  ---------------

Current thread (0x000001f397e87800):  JavaThread "C2 CompilerThread0" daemon [_thread_in_native, id=5608, stack(0x0000007ef7f00000,0x0000007ef8000000)]

Stack: [0x0000007ef7f00000,0x0000007ef8000000]
Native frames: (J=compiled Java code, j=interpreted, Vv=VM code, C=native code)
V  [jvm.dll+0x33f6c9]
V  [jvm.dll+0x286122]
V  [jvm.dll+0x286dcd]
V  [jvm.dll+0x27d805]
V  [jvm.dll+0xe574c]
V  [jvm.dll+0xe5f4c]
V  [jvm.dll+0x480043]
V  [jvm.dll+0x447c30]
V  [jvm.dll+0x450c25]
V  [jvm.dll+0x44ffe5]
V  [jvm.dll+0x43aef7]
V  [jvm.dll+0xbc3eb]
V  [jvm.dll+0xbaa4b]
V  [jvm.dll+0x24e7c2]
V  [jvm.dll+0x2a2dcc]
C  [ucrtbase.dll+0x21bb2]
C  [KERNEL32.DLL+0x17034]
C  [ntdll.dll+0x52651]


Current CompileTask:
C2:  27140 4368   !   4       com.sun.beans.TypeResolver::resolve (274 bytes)


---------------  P R O C E S S  ---------------

Java Threads: ( => current thread )
  0x000001f399350000 JavaThread "Cache worker for Build Output Cleanup Cache (C:\Users\yahya\OneDrive\Bureau\FINALFRONT-heroku-master 1234\EKTOR\android\.gradle\buildOutputCleanup)" [_thread_blocked, id=8404, stack(0x0000007ef9e00000,0x0000007ef9f00000)]
  0x000001f39934a000 JavaThread "Build operations Thread 8" [_thread_blocked, id=10892, stack(0x0000007ef9d00000,0x0000007ef9e00000)]
  0x000001f39934b800 JavaThread "Build operations Thread 7" [_thread_blocked, id=7876, stack(0x0000007ef9c00000,0x0000007ef9d00000)]
  0x000001f39934f800 JavaThread "Build operations Thread 6" [_thread_blocked, id=11892, stack(0x0000007ef9b00000,0x0000007ef9c00000)]
  0x000001f39934e800 JavaThread "Build operations Thread 5" [_thread_blocked, id=8388, stack(0x0000007ef9a00000,0x0000007ef9b00000)]
  0x000001f39934e000 JavaThread "Build operations Thread 4" [_thread_blocked, id=11072, stack(0x0000007ef9900000,0x0000007ef9a00000)]
  0x000001f39934c800 JavaThread "Build operations Thread 3" [_thread_blocked, id=15152, stack(0x0000007ef9800000,0x0000007ef9900000)]
  0x000001f39934d000 JavaThread "Build operations Thread 2" [_thread_blocked, id=14700, stack(0x0000007ef9700000,0x0000007ef9800000)]
  0x000001f39b054000 JavaThread "Build operations" [_thread_blocked, id=14388, stack(0x0000007ef9600000,0x0000007ef9700000)]
  0x000001f39b057000 JavaThread "Cache worker for execution history cache (C:\Users\yahya\.gradle\caches\6.0.1\executionHistory)" [_thread_blocked, id=15336, stack(0x0000007ef9500000,0x0000007ef9600000)]
  0x000001f39b058800 JavaThread "Cache worker for cache directory md-rule (C:\Users\yahya\.gradle\caches\6.0.1\md-rule)" [_thread_blocked, id=11036, stack(0x0000007ef9400000,0x0000007ef9500000)]
  0x000001f39b052800 JavaThread "Cache worker for cache directory md-supplier (C:\Users\yahya\.gradle\caches\6.0.1\md-supplier)" [_thread_blocked, id=14616, stack(0x0000007ef9300000,0x0000007ef9400000)]
  0x000001f39b058000 JavaThread "Cache worker for file hash cache (C:\Users\yahya\OneDrive\Bureau\FINALFRONT-heroku-master 1234\EKTOR\android\.gradle\6.0.1\fileHashes)" [_thread_blocked, id=16920, stack(0x0000007ef9200000,0x0000007ef9300000)]
  0x000001f39b053800 JavaThread "Cache worker for journal cache (C:\Users\yahya\.gradle\caches\journal-1)" [_thread_blocked, id=16652, stack(0x0000007ef9100000,0x0000007ef9200000)]
  0x000001f39b059800 JavaThread "File lock request listener" [_thread_in_native, id=15472, stack(0x0000007ef9000000,0x0000007ef9100000)]
  0x000001f39b055000 JavaThread "Cache worker for file hash cache (C:\Users\yahya\.gradle\caches\6.0.1\fileHashes)" [_thread_blocked, id=13676, stack(0x0000007ef8f00000,0x0000007ef9000000)]
  0x000001f39b006000 JavaThread "Thread-9" [_thread_blocked, id=16048, stack(0x0000007ef8e00000,0x0000007ef8f00000)]
  0x000001f39aff8800 JavaThread "Stdin handler" [_thread_blocked, id=14160, stack(0x0000007ef8d00000,0x0000007ef8e00000)]
  0x000001f39aff5800 JavaThread "Asynchronous log dispatcher for DefaultDaemonConnection: socket connection from /127.0.0.1:54248 to /127.0.0.1:54249" [_thread_blocked, id=13088, stack(0x0000007ef8c00000,0x0000007ef8d00000)]
  0x000001f39aff3000 JavaThread "Daemon worker" [_thread_in_vm, id=12252, stack(0x0000007ef8b00000,0x0000007ef8c00000)]
  0x000001f39aff2000 JavaThread "Cancel handler" [_thread_blocked, id=14048, stack(0x0000007ef8a00000,0x0000007ef8b00000)]
  0x000001f39afdd800 JavaThread "Handler for socket connection from /127.0.0.1:54248 to /127.0.0.1:54249" [_thread_in_native, id=9148, stack(0x0000007ef8900000,0x0000007ef8a00000)]
  0x000001f39af92000 JavaThread "Daemon" [_thread_blocked, id=17200, stack(0x0000007ef8800000,0x0000007ef8900000)]
  0x000001f39af81800 JavaThread "Daemon periodic checks" [_thread_blocked, id=14928, stack(0x0000007ef8700000,0x0000007ef8800000)]
  0x000001f39af31800 JavaThread "Incoming local TCP Connector on port 54248" [_thread_in_native, id=9904, stack(0x0000007ef8600000,0x0000007ef8700000)]
  0x000001f39ae48800 JavaThread "Daemon health stats" [_thread_blocked, id=13376, stack(0x0000007ef8500000,0x0000007ef8600000)]
  0x000001f39929b800 JavaThread "Service Thread" daemon [_thread_blocked, id=7232, stack(0x0000007ef8300000,0x0000007ef8400000)]
  0x000001f397e9f000 JavaThread "C1 CompilerThread3" daemon [_thread_blocked, id=5384, stack(0x0000007ef8200000,0x0000007ef8300000)]
  0x000001f397e97800 JavaThread "C2 CompilerThread2" daemon [_thread_in_native, id=6844, stack(0x0000007ef8100000,0x0000007ef8200000)]
  0x000001f397e8a000 JavaThread "C2 CompilerThread1" daemon [_thread_in_native, id=14988, stack(0x0000007ef8000000,0x0000007ef8100000)]
=>0x000001f397e87800 JavaThread "C2 CompilerThread0" daemon [_thread_in_native, id=5608, stack(0x0000007ef7f00000,0x0000007ef8000000)]
  0x000001f397e85000 JavaThread "Attach Listener" daemon [_thread_blocked, id=10216, stack(0x0000007ef7e00000,0x0000007ef7f00000)]
  0x000001f397e84000 JavaThread "Signal Dispatcher" daemon [_thread_blocked, id=812, stack(0x0000007ef7d00000,0x0000007ef7e00000)]
  0x000001f397e5e000 JavaThread "Finalizer" daemon [_thread_blocked, id=4936, stack(0x0000007ef7c00000,0x0000007ef7d00000)]
  0x000001f39725d000 JavaThread "Reference Handler" daemon [_thread_blocked, id=16204, stack(0x0000007ef7b00000,0x0000007ef7c00000)]
  0x000001f3849a4000 JavaThread "main" [_thread_blocked, id=6520, stack(0x0000007ef7100000,0x0000007ef7200000)]

Other Threads:
  0x000001f397e31800 VMThread [stack: 0x0000007ef7a00000,0x0000007ef7b00000] [id=17156]
  0x000001f397f0d800 WatcherThread [stack: 0x0000007ef8400000,0x0000007ef8500000] [id=17324]

VM state:not at safepoint (normal execution)

VM Mutex/Monitor currently owned by a thread: None

heap address: 0x00000000e0000000, size: 512 MB, Compressed Oops mode: 32-bit
Narrow klass base: 0x0000000000000000, Narrow klass shift: 3
Compressed class space size: 1073741824 Address: 0x0000000100000000

Heap:
 PSYoungGen      total 159232K, used 19407K [0x00000000f5580000, 0x0000000100000000, 0x0000000100000000)
  eden space 145408K, 3% used [0x00000000f5580000,0x00000000f5af41a0,0x00000000fe380000)
  from space 13824K, 99% used [0x00000000fe380000,0x00000000ff0ffe40,0x00000000ff100000)
  to   space 15360K, 0% used [0x00000000ff100000,0x00000000ff100000,0x0000000100000000)
 ParOldGen       total 175104K, used 19669K [0x00000000e0000000, 0x00000000eab00000, 0x00000000f5580000)
  object space 175104K, 11% used [0x00000000e0000000,0x00000000e1335568,0x00000000eab00000)
 Metaspace       used 47018K, capacity 48714K, committed 48972K, reserved 1091584K
  class space    used 6456K, capacity 6882K, committed 6988K, reserved 1048576K

Card table byte_map: [0x000001f395750000,0x000001f395860000] byte_map_base: 0x000001f395050000

Marking Bits: (ParMarkBitMap*) 0x0000000057df7fe0
 Begin Bits: [0x000001f395860000, 0x000001f396060000)
 End Bits:   [0x000001f396060000, 0x000001f396860000)

Polling page: 0x000001f384ac0000

CodeCache: size=245760Kb used=14129Kb max_used=14187Kb free=231630Kb
 bounds [0x000001f386390000, 0x000001f387190000, 0x000001f395390000]
 total_blobs=4837 nmethods=4061 adapters=688
 compilation: enabled

Compilation events (10 events):
Event: 26.965 Thread 0x000001f397e97800 nmethod 4394 0x000001f38717f8d0 code [0x000001f38717fc60, 0x000001f387182740]
Event: 26.967 Thread 0x000001f397e97800 4400  s    4       java.util.Hashtable::get (69 bytes)
Event: 26.980 Thread 0x000001f397e97800 nmethod 4400 0x000001f386739010 code [0x000001f386739180, 0x000001f3867398f8]
Event: 26.981 Thread 0x000001f397e97800 4404       4       java.util.Properties$LineReader::readLine (468 bytes)
Event: 27.008 Thread 0x000001f397e97800 nmethod 4404 0x000001f3868b0fd0 code [0x000001f3868b1140, 0x000001f3868b1858]
Event: 27.010 Thread 0x000001f397e97800 4405       4       java.util.Properties::loadConvert (505 bytes)
Event: 27.047 Thread 0x000001f397e97800 nmethod 4405 0x000001f386b9fb50 code [0x000001f386b9fcc0, 0x000001f386ba0658]
Event: 27.049 Thread 0x000001f397e97800 4412       4       java.beans.Introspector::addMethod (196 bytes)
Event: 27.065 Thread 0x000001f397e9f000 4413       3       org.codehaus.groovy.ast.tools.GeneralUtils::isDefaultVisibility (13 bytes)
Event: 27.069 Thread 0x000001f397e9f000 nmethod 4413 0x000001f386560cd0 code [0x000001f386560e20, 0x000001f386560fb8]

GC Heap History (10 events):
Event: 22.705 GC heap before
{Heap before GC invocations=7 (full 1):
 PSYoungGen      total 76288K, used 75736K [0x00000000f5580000, 0x00000000fd200000, 0x0000000100000000)
  eden space 65536K, 100% used [0x00000000f5580000,0x00000000f9580000,0x00000000f9580000)
  from space 10752K, 94% used [0x00000000f9580000,0x00000000f9f76340,0x00000000fa000000)
  to   space 13824K, 0% used [0x00000000fc480000,0x00000000fc480000,0x00000000fd200000)
 ParOldGen       total 175104K, used 12352K [0x00000000e0000000, 0x00000000eab00000, 0x00000000f5580000)
  object space 175104K, 7% used [0x00000000e0000000,0x00000000e0c10130,0x00000000eab00000)
 Metaspace       used 34494K, capacity 35406K, committed 35496K, reserved 1079296K
  class space    used 4824K, capacity 5102K, committed 5120K, reserved 1048576K
Event: 22.718 GC heap after
Heap after GC invocations=7 (full 1):
 PSYoungGen      total 112640K, used 12038K [0x00000000f5580000, 0x00000000fd700000, 0x0000000100000000)
  eden space 98816K, 0% used [0x00000000f5580000,0x00000000f5580000,0x00000000fb600000)
  from space 13824K, 87% used [0x00000000fc480000,0x00000000fd041b68,0x00000000fd200000)
  to   space 14848K, 0% used [0x00000000fb600000,0x00000000fb600000,0x00000000fc480000)
 ParOldGen       total 175104K, used 12360K [0x00000000e0000000, 0x00000000eab00000, 0x00000000f5580000)
  object space 175104K, 7% used [0x00000000e0000000,0x00000000e0c12130,0x00000000eab00000)
 Metaspace       used 34494K, capacity 35406K, committed 35496K, reserved 1079296K
  class space    used 4824K, capacity 5102K, committed 5120K, reserved 1048576K
}
Event: 22.753 GC heap before
{Heap before GC invocations=8 (full 1):
 PSYoungGen      total 112640K, used 14139K [0x00000000f5580000, 0x00000000fd700000, 0x0000000100000000)
  eden space 98816K, 2% used [0x00000000f5580000,0x00000000f578d490,0x00000000fb600000)
  from space 13824K, 87% used [0x00000000fc480000,0x00000000fd041b68,0x00000000fd200000)
  to   space 14848K, 0% used [0x00000000fb600000,0x00000000fb600000,0x00000000fc480000)
 ParOldGen       total 175104K, used 12360K [0x00000000e0000000, 0x00000000eab00000, 0x00000000f5580000)
  object space 175104K, 7% used [0x00000000e0000000,0x00000000e0c12130,0x00000000eab00000)
 Metaspace       used 34545K, capacity 35498K, committed 35752K, reserved 1079296K
  class space    used 4829K, capacity 5108K, committed 5120K, reserved 1048576K
Event: 22.763 GC heap after
Heap after GC invocations=8 (full 1):
 PSYoungGen      total 113664K, used 9046K [0x00000000f5580000, 0x0000000100000000, 0x0000000100000000)
  eden space 98816K, 0% used [0x00000000f5580000,0x00000000f5580000,0x00000000fb600000)
  from space 14848K, 60% used [0x00000000fb600000,0x00000000fbed59f0,0x00000000fc480000)
  to   space 14336K, 0% used [0x00000000ff200000,0x00000000ff200000,0x0000000100000000)
 ParOldGen       total 175104K, used 12368K [0x00000000e0000000, 0x00000000eab00000, 0x00000000f5580000)
  object space 175104K, 7% used [0x00000000e0000000,0x00000000e0c14130,0x00000000eab00000)
 Metaspace       used 34545K, capacity 35498K, committed 35752K, reserved 1079296K
  class space    used 4829K, capacity 5108K, committed 5120K, reserved 1048576K
}
Event: 22.860 GC heap before
{Heap before GC invocations=9 (full 1):
 PSYoungGen      total 113664K, used 16479K [0x00000000f5580000, 0x0000000100000000, 0x0000000100000000)
  eden space 98816K, 7% used [0x00000000f5580000,0x00000000f5cc2468,0x00000000fb600000)
  from space 14848K, 60% used [0x00000000fb600000,0x00000000fbed59f0,0x00000000fc480000)
  to   space 14336K, 0% used [0x00000000ff200000,0x00000000ff200000,0x0000000100000000)
 ParOldGen       total 175104K, used 12368K [0x00000000e0000000, 0x00000000eab00000, 0x00000000f5580000)
  object space 175104K, 7% used [0x00000000e0000000,0x00000000e0c14130,0x00000000eab00000)
 Metaspace       used 34818K, capacity 35774K, committed 35828K, reserved 1079296K
  class space    used 4880K, capacity 5162K, committed 5196K, reserved 1048576K
Event: 22.884 GC heap after
Heap after GC invocations=9 (full 1):
 PSYoungGen      total 158208K, used 8864K [0x00000000f5580000, 0x00000000ffe80000, 0x0000000100000000)
  eden space 145408K, 0% used [0x00000000f5580000,0x00000000f5580000,0x00000000fe380000)
  from space 12800K, 69% used [0x00000000ff200000,0x00000000ffaa8218,0x00000000ffe80000)
  to   space 13824K, 0% used [0x00000000fe380000,0x00000000fe380000,0x00000000ff100000)
 ParOldGen       total 175104K, used 12376K [0x00000000e0000000, 0x00000000eab00000, 0x00000000f5580000)
  object space 175104K, 7% used [0x00000000e0000000,0x00000000e0c16130,0x00000000eab00000)
 Metaspace       used 34818K, capacity 35774K, committed 35828K, reserved 1079296K
  class space    used 4880K, capacity 5162K, committed 5196K, reserved 1048576K
}
Event: 22.884 GC heap before
{Heap before GC invocations=10 (full 2):
 PSYoungGen      total 158208K, used 8864K [0x00000000f5580000, 0x00000000ffe80000, 0x0000000100000000)
  eden space 145408K, 0% used [0x00000000f5580000,0x00000000f5580000,0x00000000fe380000)
  from space 12800K, 69% used [0x00000000ff200000,0x00000000ffaa8218,0x00000000ffe80000)
  to   space 13824K, 0% used [0x00000000fe380000,0x00000000fe380000,0x00000000ff100000)
 ParOldGen       total 175104K, used 12376K [0x00000000e0000000, 0x00000000eab00000, 0x00000000f5580000)
  object space 175104K, 7% used [0x00000000e0000000,0x00000000e0c16130,0x00000000eab00000)
 Metaspace       used 34818K, capacity 35774K, committed 35828K, reserved 1079296K
  class space    used 4880K, capacity 5162K, committed 5196K, reserved 1048576K
Event: 23.110 GC heap after
Heap after GC invocations=10 (full 2):
 PSYoungGen      total 158208K, used 0K [0x00000000f5580000, 0x00000000ffe80000, 0x0000000100000000)
  eden space 145408K, 0% used [0x00000000f5580000,0x00000000f5580000,0x00000000fe380000)
  from space 12800K, 0% used [0x00000000ff200000,0x00000000ff200000,0x00000000ffe80000)
  to   space 13824K, 0% used [0x00000000fe380000,0x00000000fe380000,0x00000000ff100000)
 ParOldGen       total 175104K, used 15813K [0x00000000e0000000, 0x00000000eab00000, 0x00000000f5580000)
  object space 175104K, 9% used [0x00000000e0000000,0x00000000e0f714e8,0x00000000eab00000)
 Metaspace       used 34818K, capacity 35774K, committed 35828K, reserved 1079296K
  class space    used 4880K, capacity 5162K, committed 5196K, reserved 1048576K
}
Event: 26.606 GC heap before
{Heap before GC invocations=11 (full 2):
 PSYoungGen      total 158208K, used 145408K [0x00000000f5580000, 0x00000000ffe80000, 0x0000000100000000)
  eden space 145408K, 100% used [0x00000000f5580000,0x00000000fe380000,0x00000000fe380000)
  from space 12800K, 0% used [0x00000000ff200000,0x00000000ff200000,0x00000000ffe80000)
  to   space 13824K, 0% used [0x00000000fe380000,0x00000000fe380000,0x00000000ff100000)
 ParOldGen       total 175104K, used 15813K [0x00000000e0000000, 0x00000000eab00000, 0x00000000f5580000)
  object space 175104K, 9% used [0x00000000e0000000,0x00000000e0f714e8,0x00000000eab00000)
 Metaspace       used 46430K, capacity 48076K, committed 48332K, reserved 1091584K
  class space    used 6389K, capacity 6799K, committed 6860K, reserved 1048576K
Event: 26.690 GC heap after
Heap after GC invocations=11 (full 2):
 PSYoungGen      total 159232K, used 13823K [0x00000000f5580000, 0x0000000100000000, 0x0000000100000000)
  eden space 145408K, 0% used [0x00000000f5580000,0x00000000f5580000,0x00000000fe380000)
  from space 13824K, 99% used [0x00000000fe380000,0x00000000ff0ffe40,0x00000000ff100000)
  to   space 15360K, 0% used [0x00000000ff100000,0x00000000ff100000,0x0000000100000000)
 ParOldGen       total 175104K, used 19669K [0x00000000e0000000, 0x00000000eab00000, 0x00000000f5580000)
  object space 175104K, 11% used [0x00000000e0000000,0x00000000e1335568,0x00000000eab00000)
 Metaspace       used 46430K, capacity 48076K, committed 48332K, reserved 1091584K
  class space    used 6389K, capacity 6799K, committed 6860K, reserved 1048576K
}

Deoptimization events (10 events):
Event: 25.521 Thread 0x000001f39aff3000 Uncommon trap: reason=unstable_if action=reinterpret pc=0x000001f386d52e0c method=org.objectweb.asm.ByteVector.putUTF8(Ljava/lang/String;)Lorg/objectweb/asm/ByteVector; @ 93
Event: 26.287 Thread 0x000001f39aff3000 Uncommon trap: reason=unstable_if action=reinterpret pc=0x000001f386d716c8 method=org.gradle.internal.reflect.PropertyAccessorType.of(Ljava/lang/reflect/Method;)Lorg/gradle/internal/reflect/PropertyAccessorType; @ 56
Event: 26.851 Thread 0x000001f39aff3000 Uncommon trap: reason=bimorphic action=maybe_recompile pc=0x000001f3870298d0 method=java.util.Hashtable.get(Ljava/lang/Object;)Ljava/lang/Object; @ 6
Event: 26.851 Thread 0x000001f39aff3000 Uncommon trap: reason=bimorphic action=maybe_recompile pc=0x000001f3870298d0 method=java.util.Hashtable.get(Ljava/lang/Object;)Ljava/lang/Object; @ 6
Event: 26.851 Thread 0x000001f39aff3000 Uncommon trap: reason=bimorphic action=maybe_recompile pc=0x000001f3870298d0 method=java.util.Hashtable.get(Ljava/lang/Object;)Ljava/lang/Object; @ 6
Event: 26.851 Thread 0x000001f39aff3000 Uncommon trap: reason=bimorphic action=maybe_recompile pc=0x000001f3870298d0 method=java.util.Hashtable.get(Ljava/lang/Object;)Ljava/lang/Object; @ 6
Event: 26.920 Thread 0x000001f39aff3000 Uncommon trap: reason=unstable_if action=reinterpret pc=0x000001f38655de5c method=java.lang.String.replace(CC)Ljava/lang/String; @ 2
Event: 26.941 Thread 0x000001f39aff3000 Uncommon trap: reason=unstable_if action=reinterpret pc=0x000001f386d86ce8 method=groovy.lang.MetaClassImpl.checkIfStdMethod(Lgroovy/lang/MetaMethod;)V @ 55
Event: 26.945 Thread 0x000001f39aff3000 Uncommon trap: reason=unstable_if action=reinterpret pc=0x000001f387159c9c method=org.codehaus.groovy.runtime.metaclass.MetaMethodIndex.copyNonPrivateNonNewMetaMethods(Lorg/codehaus/groovy/runtime/metaclass/MetaMethodIndex$Entry;Lorg/codehaus/groovy/runti
Event: 26.946 Thread 0x000001f39aff3000 Uncommon trap: reason=unstable_if action=reinterpret pc=0x000001f386ddf384 method=groovy.lang.MetaClassImpl$1MOPIter.methodNameAction(Ljava/lang/Class;Lorg/codehaus/groovy/runtime/metaclass/MetaMethodIndex$Entry;)V @ 182

Classes redefined (0 events):
No events

Internal exceptions (10 events):
Event: 26.968 Thread 0x000001f39aff3000 Exception <a 'java/lang/ClassNotFoundException': org/gradle/api/internal/project/DefaultAntBuilderBeanInfo> (0x00000000f587eb00) thrown at [C:\jenkins\workspace\8-2-build-windows-amd64-cygwin\jdk8u271\605\hotspot\src\share\vm\classfile\systemDictionary.cp
Event: 26.979 Thread 0x000001f39aff3000 Exception <a 'java/lang/ClassNotFoundException': org/gradle/api/internal/project/ant/BasicAntBuilderBeanInfo> (0x00000000f58b62e8) thrown at [C:\jenkins\workspace\8-2-build-windows-amd64-cygwin\jdk8u271\605\hotspot\src\share\vm\classfile\systemDictionary.
Event: 26.985 Thread 0x000001f39aff3000 Exception <a 'java/lang/ClassNotFoundException': org/gradle/api/AntBuilderBeanInfo> (0x00000000f58de488) thrown at [C:\jenkins\workspace\8-2-build-windows-amd64-cygwin\jdk8u271\605\hotspot\src\share\vm\classfile\systemDictionary.cpp, line 212]
Event: 26.991 Thread 0x000001f39aff3000 Exception <a 'java/lang/ClassNotFoundException': groovy/util/AntBuilderBeanInfo> (0x00000000f5904e88) thrown at [C:\jenkins\workspace\8-2-build-windows-amd64-cygwin\jdk8u271\605\hotspot\src\share\vm\classfile\systemDictionary.cpp, line 212]
Event: 27.003 Thread 0x000001f39aff3000 Exception <a 'java/lang/ClassNotFoundException': groovy/util/BuilderSupportBeanInfo> (0x00000000f592d010) thrown at [C:\jenkins\workspace\8-2-build-windows-amd64-cygwin\jdk8u271\605\hotspot\src\share\vm\classfile\systemDictionary.cpp, line 212]
Event: 27.014 Thread 0x000001f39aff3000 Exception <a 'java/lang/ClassNotFoundException': groovy/util/BuilderSupportCustomizer> (0x00000000f59573b0) thrown at [C:\jenkins\workspace\8-2-build-windows-amd64-cygwin\jdk8u271\605\hotspot\src\share\vm\classfile\systemDictionary.cpp, line 212]
Event: 27.020 Thread 0x000001f39aff3000 Exception <a 'java/lang/ClassNotFoundException': groovy/util/AntBuilderCustomizer> (0x00000000f5981f88) thrown at [C:\jenkins\workspace\8-2-build-windows-amd64-cygwin\jdk8u271\605\hotspot\src\share\vm\classfile\systemDictionary.cpp, line 212]
Event: 27.028 Thread 0x000001f39aff3000 Exception <a 'java/lang/ClassNotFoundException': org/gradle/api/AntBuilderCustomizer> (0x00000000f59b20a8) thrown at [C:\jenkins\workspace\8-2-build-windows-amd64-cygwin\jdk8u271\605\hotspot\src\share\vm\classfile\systemDictionary.cpp, line 212]
Event: 27.044 Thread 0x000001f39aff3000 Exception <a 'java/lang/ClassNotFoundException': org/gradle/api/internal/project/ant/BasicAntBuilderCustomizer> (0x00000000f59f6a68) thrown at [C:\jenkins\workspace\8-2-build-windows-amd64-cygwin\jdk8u271\605\hotspot\src\share\vm\classfile\systemDictionar
Event: 27.054 Thread 0x000001f39aff3000 Exception <a 'java/lang/ClassNotFoundException': org/gradle/api/internal/project/DefaultAntBuilderCustomizer> (0x00000000f5a429b8) thrown at [C:\jenkins\workspace\8-2-build-windows-amd64-cygwin\jdk8u271\605\hotspot\src\share\vm\classfile\systemDictionary.

Events (10 events):
Event: 27.041 loading class org/gradle/api/internal/project/ant/BasicAntBuilderCustomizer
Event: 27.041 loading class org/gradle/api/internal/project/ant/BasicAntBuilderCustomizer done
Event: 27.048 loading class org/gradle/api/internal/project/DefaultAntBuilderCustomizer
Event: 27.048 loading class org/gradle/api/internal/project/DefaultAntBuilderCustomizer done
Event: 27.052 loading class org/gradle/api/internal/project/DefaultAntBuilderCustomizer
Event: 27.052 loading class org/gradle/api/internal/project/DefaultAntBuilderCustomizer done
Event: 27.052 loading class org/gradle/api/internal/project/DefaultAntBuilderCustomizer
Event: 27.052 loading class org/gradle/api/internal/project/DefaultAntBuilderCustomizer done
Event: 27.054 loading class org/gradle/api/internal/project/DefaultAntBuilderCustomizer
Event: 27.054 loading class org/gradle/api/internal/project/DefaultAntBuilderCustomizer done


Dynamic libraries:
0x00007ff6dfd90000 - 0x00007ff6dfdd7000 	C:\Program Files\Java\jdk\bin\java.exe
0x00007ffe3c6f0000 - 0x00007ffe3c8e5000 	C:\WINDOWS\SYSTEM32\ntdll.dll
0x00007ffe3ae00000 - 0x00007ffe3aebd000 	C:\WINDOWS\System32\KERNEL32.DLL
0x00007ffe3a450000 - 0x00007ffe3a718000 	C:\WINDOWS\System32\KERNELBASE.dll
0x00007ffe3a810000 - 0x00007ffe3a8bc000 	C:\WINDOWS\System32\ADVAPI32.dll
0x00007ffe3bb30000 - 0x00007ffe3bbce000 	C:\WINDOWS\System32\msvcrt.dll
0x00007ffe3bd90000 - 0x00007ffe3be2b000 	C:\WINDOWS\System32\sechost.dll
0x00007ffe3ba00000 - 0x00007ffe3bb2b000 	C:\WINDOWS\System32\RPCRT4.dll
0x00007ffe3bbe0000 - 0x00007ffe3bd80000 	C:\WINDOWS\System32\USER32.dll
0x00007ffe3a160000 - 0x00007ffe3a182000 	C:\WINDOWS\System32\win32u.dll
0x00007ffe3b9c0000 - 0x00007ffe3b9ea000 	C:\WINDOWS\System32\GDI32.dll
0x00007ffe3a340000 - 0x00007ffe3a44b000 	C:\WINDOWS\System32\gdi32full.dll
0x00007ffe39e50000 - 0x00007ffe39eed000 	C:\WINDOWS\System32\msvcp_win.dll
0x00007ffe3a240000 - 0x00007ffe3a340000 	C:\WINDOWS\System32\ucrtbase.dll
0x00007ffe23720000 - 0x00007ffe239ba000 	C:\WINDOWS\WinSxS\amd64_microsoft.windows.common-controls_6595b64144ccf1df_6.0.19041.844_none_ca00b6081b84eb1d\COMCTL32.dll
0x00007ffe3c490000 - 0x00007ffe3c4c0000 	C:\WINDOWS\System32\IMM32.DLL
0x00007ffe32c70000 - 0x00007ffe32c85000 	C:\Program Files\Java\jdk\jre\bin\vcruntime140.dll
0x00007ffe10130000 - 0x00007ffe101cb000 	C:\Program Files\Java\jdk\jre\bin\msvcp140.dll
0x0000000057600000 - 0x0000000057e6f000 	C:\Program Files\Java\jdk\jre\bin\server\jvm.dll
0x00007ffe3bbd0000 - 0x00007ffe3bbd8000 	C:\WINDOWS\System32\PSAPI.DLL
0x00007ffe30530000 - 0x00007ffe30557000 	C:\WINDOWS\SYSTEM32\WINMM.dll
0x00007ffe33110000 - 0x00007ffe3311a000 	C:\WINDOWS\SYSTEM32\VERSION.dll
0x00007ffe32fd0000 - 0x00007ffe32fd9000 	C:\WINDOWS\SYSTEM32\WSOCK32.dll
0x00007ffe3be30000 - 0x00007ffe3be9b000 	C:\WINDOWS\System32\WS2_32.dll
0x00007ffe386d0000 - 0x00007ffe386e2000 	C:\WINDOWS\SYSTEM32\kernel.appcore.dll
0x00007ffe32f20000 - 0x00007ffe32f30000 	C:\Program Files\Java\jdk\jre\bin\verify.dll
0x00007ffe21710000 - 0x00007ffe2173b000 	C:\Program Files\Java\jdk\jre\bin\java.dll
0x00007ffe2de40000 - 0x00007ffe2de58000 	C:\Program Files\Java\jdk\jre\bin\zip.dll
0x00007ffe3af20000 - 0x00007ffe3b662000 	C:\WINDOWS\System32\SHELL32.dll
0x00007ffe37c60000 - 0x00007ffe383f0000 	C:\WINDOWS\SYSTEM32\windows.storage.dll
0x00007ffe3bea0000 - 0x00007ffe3c1f5000 	C:\WINDOWS\System32\combase.dll
0x00007ffe397a0000 - 0x00007ffe397cc000 	C:\WINDOWS\SYSTEM32\Wldp.dll
0x00007ffe3c330000 - 0x00007ffe3c3de000 	C:\WINDOWS\System32\SHCORE.dll
0x00007ffe3a7b0000 - 0x00007ffe3a805000 	C:\WINDOWS\System32\shlwapi.dll
0x00007ffe39d40000 - 0x00007ffe39d5f000 	C:\WINDOWS\SYSTEM32\profapi.dll
0x00007ffe27350000 - 0x00007ffe2736c000 	C:\Program Files\Java\jdk\jre\bin\net.dll
0x00007ffe39510000 - 0x00007ffe3957a000 	C:\WINDOWS\system32\mswsock.dll
0x00007ffe24d40000 - 0x00007ffe24d53000 	C:\Program Files\Java\jdk\jre\bin\nio.dll
0x00007ffe21460000 - 0x00007ffe21486000 	C:\Users\yahya\.gradle\native\30\windows-amd64\native-platform.dll
0x00007ffe2dfa0000 - 0x00007ffe2dfad000 	C:\Program Files\Java\jdk\jre\bin\management.dll
0x00007ffe396e0000 - 0x00007ffe396f8000 	C:\WINDOWS\SYSTEM32\CRYPTSP.dll
0x00007ffe38eb0000 - 0x00007ffe38ee4000 	C:\WINDOWS\system32\rsaenh.dll
0x00007ffe3a050000 - 0x00007ffe3a077000 	C:\WINDOWS\System32\bcrypt.dll
0x00007ffe39cc0000 - 0x00007ffe39cee000 	C:\WINDOWS\SYSTEM32\USERENV.dll
0x00007ffe3a080000 - 0x00007ffe3a100000 	C:\WINDOWS\System32\bcryptprimitives.dll
0x00007ffe39700000 - 0x00007ffe3970c000 	C:\WINDOWS\SYSTEM32\CRYPTBASE.dll
0x00007ffe39200000 - 0x00007ffe3923b000 	C:\WINDOWS\SYSTEM32\IPHLPAPI.DLL
0x00007ffe3b9f0000 - 0x00007ffe3b9f8000 	C:\WINDOWS\System32\NSI.dll
0x00007ffe31750000 - 0x00007ffe31767000 	C:\WINDOWS\SYSTEM32\dhcpcsvc6.DLL
0x00007ffe32910000 - 0x00007ffe3292d000 	C:\WINDOWS\SYSTEM32\dhcpcsvc.DLL
0x00007ffe39240000 - 0x00007ffe3930c000 	C:\WINDOWS\SYSTEM32\DNSAPI.dll
0x00007ffe384c0000 - 0x00007ffe386a4000 	C:\WINDOWS\SYSTEM32\dbghelp.dll

VM Arguments:
jvm_args: -XX:MaxMetaspaceSize=256m -XX:+HeapDumpOnOutOfMemoryError -Xms256m -Xmx512m -Dfile.encoding=windows-1252 -Duser.country=FR -Duser.language=fr -Duser.variant 
java_command: org.gradle.launcher.daemon.bootstrap.GradleDaemon 6.0.1
java_class_path (initial): C:\Users\yahya\.gradle\wrapper\dists\gradle-6.0.1-all\99d3u8wxs16ndehh90lbbir67\gradle-6.0.1\lib\gradle-launcher-6.0.1.jar
Launcher Type: SUN_STANDARD

Environment Variables:
JAVA_HOME=C:\Program Files\Java\jdk
CLASSPATH=C:\Users\yahya\OneDrive\Bureau\FINALFRONT-heroku-master 1234\EKTOR\android\\gradle\wrapper\gradle-wrapper.jar
PATH=C:\Users\yahya\OneDrive\Bureau\FINALFRONT-heroku-master 1234\EKTOR\android\node_modules\.bin;C:\Users\yahya\OneDrive\Bureau\FINALFRONT-heroku-master 1234\EKTOR\node_modules\.bin;C:\Users\yahya\OneDrive\Bureau\FINALFRONT-heroku-master 1234\node_modules\.bin;C:\Users\yahya\OneDrive\Bureau\node_modules\.bin;C:\Users\yahya\OneDrive\node_modules\.bin;C:\Users\yahya\node_modules\.bin;C:\Users\node_modules\.bin;C:\node_modules\.bin;C:\Program Files\nodejs;C:\Python39\Scripts\;C:\Python39\;C:\Program Files (x86)\Common Files\Oracle\Java\javapath;C:\WINDOWS\system32;C:\WINDOWS;C:\WINDOWS\System32\Wbem;C:\WINDOWS\System32\WindowsPowerShell\v1.0\;C:\WINDOWS\System32\OpenSSH\;C:\Program Files\nodejs\;C:\Program Files\Java\jdk1.8.0_271\bin;C:\Users\yahya\AppData\Local\Android\Sdk;C:\Program Files\Java\jdk\bin;C:\Program Files\php-8.0.0;C:\Program Files\Git\cmd;C:\Program Files\Java\jdk-14.0.1\bin;C:\ProgramData\chocolatey\bin;C:\Users\yahya\AppData\Local\Programs\Python\Python38\Scripts\;C:\Users\yahya\AppData\Local\Programs\Python\Python38\;C:\Users\yahya\AppData\Local\Microsoft\WindowsApps;C:\Users\yahya\AppData\Local\atom\bin;C:\Users\yahya\AppData\Roaming\npm;C:\Users\yahya\AppData\Local\Programs\Microsoft VS Code\bin;C:\Users\yahya\AppData\Local\Android\Sdk\platform-tools;C:\Program Files\Java\jdk\bin;C:\Program Files\Java\jdk\;C:\Users\yahya\AppData\Local\Microsoft\WindowsApps;
USERNAME=yahya
OS=Windows_NT
PROCESSOR_IDENTIFIER=AMD64 Family 23 Model 24 Stepping 1, AuthenticAMD



---------------  S Y S T E M  ---------------

OS: Windows 10.0 , 64 bit Build 19041 (10.0.19041.928)

CPU:total 8 (initial active 8) (8 cores per cpu, 1 threads per core) family 23 model 24 stepping 1, cmov, cx8, fxsr, mmx, sse, sse2, sse3, ssse3, sse4.1, sse4.2, popcnt, avx, avx2, aes, clmul, mmxext, 3dnowpref, lzcnt, sse4a, tsc, tscinvbit, tscinv, bmi1

Memory: 4k page, physical 3543304k(15452k free), swap 14553352k(3244k free)

vm_info: Java HotSpot(TM) 64-Bit Server VM (25.271-b09) for windows-amd64 JRE (1.8.0_271-b09), built on Sep 16 2020 19:14:59 by "" with MS VC++ 15.9 (VS2017)

time: Tue May 25 15:13:07 2021
timezone: Paris, Madrid (heure d’été)
elapsed time: 27.159710 seconds (0d 0h 0m 27s)

